prove -r --exec "./nqp-p --vmlibs=nqp_dyncall_ops" t/nqp t/parrot t/hll t/qregex t/p5regex t/qast t/serialization t/nativecall
[14:39:17] t/nqp/01-literals.t ................... ok      115 ms
[14:39:17] t/nqp/02-if.t ......................... ok       82 ms
[14:39:17] t/nqp/03-if-else.t .................... ok      214 ms
[14:39:17] t/nqp/04-unless.t ..................... ok       79 ms
[14:39:17] t/nqp/05-comments.t ................... ok       74 ms
[14:39:17] t/nqp/06-args-pos.t ................... ok       62 ms
[14:39:17] t/nqp/07-boolean.t .................... 
Failed 1/8 subtests 
[14:39:18] t/nqp/08-blocks.t ..................... ok      122 ms
[14:39:18] t/nqp/09-var.t ........................ ok      193 ms
[14:39:18] t/nqp/10-cmp.t ........................ ok      200 ms
[14:39:18] t/nqp/11-sub.t ........................ ok      198 ms
[14:39:18] t/nqp/12-logical.t .................... ok      114 ms
[14:39:19] t/nqp/13-op.t ......................... ok      248 ms
[14:39:19] t/nqp/14-while.t ...................... ok      326 ms
[14:39:19] t/nqp/15-list.t ....................... ok       61 ms
[14:39:19] t/nqp/16-ternary.t .................... ok       83 ms
[14:39:19] t/nqp/17-positional.t ................. ok       88 ms
[14:39:19] t/nqp/18-associative.t ................ ok      110 ms
Error while compiling op shell (source text: "nqp::shell(\"echo %NQP_SHELL_TEST_ENV_VAR% > $tmp-file\",nqp::cwd(),$env, nqp::null(), nqp::null(), ..."): Operation 'shell' requires 3 operands, but got 7
current instr.: 'as_post' pc 60987 (gen/parrot/stage2/QAST.pir:21732) (gen/parrot/stage2/QAST.nqp:3902)
called from Sub 'as_post' pc 53413 (gen/parrot/stage2/QAST.pir:19050) (gen/parrot/stage2/QAST.nqp:3369)
called from Sub 'compile_all_the_stmts' pc 60458 (gen/parrot/stage2/QAST.pir:21527) (gen/parrot/stage2/QAST.nqp:3858)
called from Sub 'as_post' pc 60012 (gen/parrot/stage2/QAST.pir:21340) (gen/parrot/stage2/QAST.nqp:3831)
called from Sub 'as_post' pc 53413 (gen/parrot/stage2/QAST.pir:19050) (gen/parrot/stage2/QAST.nqp:3369)
called from Sub 'compile_all_the_stmts' pc 60458 (gen/parrot/stage2/QAST.pir:21527) (gen/parrot/stage2/QAST.nqp:3858)
called from Sub 'as_post' pc 60012 (gen/parrot/stage2/QAST.pir:21340) (gen/parrot/stage2/QAST.nqp:3831)
called from Sub 'as_post' pc 53413 (gen/parrot/stage2/QAST.pir:19050) (gen/parrot/stage2/QAST.nqp:3369)
called from Sub 'compile_all_the_stmts' pc 60458 (gen/parrot/stage2/QAST.pir:21527) (gen/parrot/stage2/QAST.nqp:3858)
called from Sub '' pc 58082 (gen/parrot/stage2/QAST.pir:20634) (gen/parrot/stage2/QAST.nqp:3624)
called from Sub '' pc 56852 (gen/parrot/stage2/QAST.pir:20239) (gen/parrot/stage2/QAST.nqp:3613)
called from Sub 'as_post' pc 56063 (gen/parrot/stage2/QAST.pir:19923) (gen/parrot/stage2/QAST.nqp:3604)
called from Sub 'as_post' pc 53478 (gen/parrot/stage2/QAST.pir:19067) (gen/parrot/stage2/QAST.nqp:3373)
called from Sub 'as_post' pc 53676 (gen/parrot/stage2/QAST.pir:19175) (gen/parrot/stage2/QAST.nqp:3400)
called from Sub 'as_post' pc 53478 (gen/parrot/stage2/QAST.pir:19067) (gen/parrot/stage2/QAST.nqp:3373)
called from Sub 'post' pc 52998 (gen/parrot/stage2/QAST.pir:18870) (gen/parrot/stage2/QAST.nqp:3331)
called from Sub 'post' pc 1347 (gen/parrot/stage2/NQPHLL.pir:631) (gen/parrot/stage2/NQPHLL.nqp:98)
called from Sub 'compile' pc 32692 (gen/parrot/stage2/NQPHLL.pir:12652) (gen/parrot/stage2/NQPHLL.nqp:1446)
called from Sub 'eval' pc 28115 (gen/parrot/stage2/NQPHLL.pir:10809) (gen/parrot/stage2/NQPHLL.nqp:1180)
called from Sub 'evalfiles' pc 31385 (gen/parrot/stage2/NQPHLL.pir:12153) (gen/parrot/stage2/NQPHLL.nqp:1401)
called from Sub 'command_eval' pc 30391 (gen/parrot/stage2/NQPHLL.pir:11761) (gen/parrot/stage2/NQPHLL.nqp:1321)
called from Sub 'command_line' pc 29264 (gen/parrot/stage2/NQPHLL.pir:11311) (gen/parrot/stage2/NQPHLL.nqp:1269)
called from Sub 'MAIN' pc 601 (gen/parrot/stage2/NQP.pir:203) (gen/parrot/stage2/NQP.nqp:4064)
called from Sub '<mainline>' pc 578 (gen/parrot/stage2/NQP.pir:191) (gen/parrot/stage2/NQP.nqp:4059)
called from Sub '' pc 165843 (gen/parrot/stage2/NQP.pir:58284) (gen/parrot/stage2/NQP.nqp:4036)

[14:39:20] t/nqp/19-file-ops.t ................... 
Dubious, test returned 1 (wstat 256, 0x100)
No subtests run 
[14:39:20] t/nqp/20-return.t ..................... ok      120 ms
[14:39:20] t/nqp/21-contextual.t ................. ok      137 ms
[14:39:20] t/nqp/22-optional-args.t .............. ok       69 ms
[14:39:20] t/nqp/23-named-args.t ................. ok      103 ms
[14:39:20] t/nqp/24-module.t ..................... ok       80 ms
[14:39:21] t/nqp/25-class.t ...................... ok      155 ms
[14:39:21] t/nqp/26-methodops.t .................. ok       97 ms
[14:39:21] t/nqp/27-self.t ....................... ok       99 ms
[14:39:21] t/nqp/28-subclass.t ................... ok      141 ms
[14:39:21] t/nqp/29-make.t ....................... ok       69 ms
[14:39:21] t/nqp/31-grammar.t .................... ok      130 ms
[14:39:21] t/nqp/32-protoregex.t ................. ok      149 ms
[14:39:21] t/nqp/33-init.t ....................... ok       87 ms
[14:39:22] t/nqp/34-rxcodeblock.t ................ ok      182 ms
[14:39:22] t/nqp/35-prefix-sigil.t ............... ok       69 ms
[14:39:22] t/nqp/36-callable.t ................... ok       51 ms
[14:39:22] t/nqp/37-slurpy.t ..................... ok       75 ms
[14:39:22] t/nqp/38-quotes.t ..................... ok       86 ms
[14:39:22] t/nqp/39-pointy.t ..................... ok      130 ms
[14:39:22] t/nqp/40-lists.t ...................... ok      185 ms
[14:39:22] t/nqp/41-flat.t ....................... ok       89 ms
[14:39:22] t/nqp/42-cond-loop.t .................. ok      186 ms
[14:39:23] t/nqp/43-package-var.t ................ ok       87 ms
[14:39:23] t/nqp/44-try-catch.t .................. ok      230 ms
[14:39:23] t/nqp/45-smartmatch.t ................. ok      180 ms
[14:39:23] t/nqp/46-charspec.t ................... ok       99 ms
[14:39:23] t/nqp/47-loop-control.t ............... ok      108 ms
[14:39:23] t/nqp/48-closure.t .................... ok       64 ms
[14:39:24] t/nqp/49-regex-interpolation.t ........ ok      637 ms
[14:39:24] t/nqp/50-regex.t ...................... ok      129 ms
[14:39:24] t/nqp/51-multi.t ...................... ok       88 ms
[14:39:24] t/nqp/53-knowhow.t .................... ok      147 ms
[14:39:24] t/nqp/55-multi-method.t ............... ok      103 ms
[14:39:25] t/nqp/56-role.t ....................... ok      182 ms
[14:39:25] t/nqp/57-construction.t ............... ok       81 ms
[14:39:25] t/nqp/58-attrs.t ...................... ok       75 ms
[14:39:25] t/nqp/59-nqpop.t ...................... 
Failed 7/126 subtests 
[14:39:26] t/nqp/60-bigint.t ..................... ok      474 ms
[14:39:26] t/nqp/61-mixin.t ...................... ok      121 ms
[14:39:26] t/nqp/62-subst.t ...................... ok      123 ms
[14:39:26] t/nqp/63-slurp.t ...................... ok       54 ms
[14:39:26] t/nqp/64-native.t ..................... ok       72 ms
[14:39:26] t/nqp/65-how.t ........................ ok      151 ms
[14:39:27] t/nqp/66-pararole.t ................... ok      230 ms
[14:39:27] t/nqp/67-container.t .................. ok      112 ms
[14:39:27] t/nqp/68-associative-for.t ............ ok      162 ms
[14:39:27] t/nqp/69-js-keywords-as-identifier.t .. ok      394 ms
[14:39:27] t/nqp/70-invokespec.t ................. ok      153 ms
[14:39:28] t/nqp/71-setboolspec.t ................ ok      103 ms
[14:39:28] t/nqp/72-rolehow.t .................... ok      256 ms
[14:39:28] t/nqp/73-delegation.t ................. ok      208 ms
[14:39:28] t/nqp/74-nfa.t ........................ ok      145 ms
[14:39:28] t/nqp/75-curcode.t .................... ok       91 ms
[14:39:28] t/nqp/76-capture.t .................... skipped: nqp::savecapture is broken on parrot
[14:39:29] t/nqp/77-curlexpad.t .................. ok       90 ms
Error while compiling op shell (source text: "nqp::shell(\"echo Hello > $tmp-file\",nqp::cwd(),nqp::getenvhash(), nqp::null(), nqp::null(), nqp::n..."): Operation 'shell' requires 3 operands, but got 7
current instr.: 'as_post' pc 60987 (gen/parrot/stage2/QAST.pir:21732) (gen/parrot/stage2/QAST.nqp:3902)
called from Sub 'as_post' pc 53413 (gen/parrot/stage2/QAST.pir:19050) (gen/parrot/stage2/QAST.nqp:3369)
called from Sub 'compile_all_the_stmts' pc 60458 (gen/parrot/stage2/QAST.pir:21527) (gen/parrot/stage2/QAST.nqp:3858)
called from Sub 'as_post' pc 60012 (gen/parrot/stage2/QAST.pir:21340) (gen/parrot/stage2/QAST.nqp:3831)
called from Sub 'as_post' pc 53413 (gen/parrot/stage2/QAST.pir:19050) (gen/parrot/stage2/QAST.nqp:3369)
called from Sub 'compile_all_the_stmts' pc 60458 (gen/parrot/stage2/QAST.pir:21527) (gen/parrot/stage2/QAST.nqp:3858)
called from Sub 'as_post' pc 60012 (gen/parrot/stage2/QAST.pir:21340) (gen/parrot/stage2/QAST.nqp:3831)
called from Sub 'as_post' pc 53413 (gen/parrot/stage2/QAST.pir:19050) (gen/parrot/stage2/QAST.nqp:3369)
called from Sub 'compile_all_the_stmts' pc 60458 (gen/parrot/stage2/QAST.pir:21527) (gen/parrot/stage2/QAST.nqp:3858)
called from Sub '' pc 58082 (gen/parrot/stage2/QAST.pir:20634) (gen/parrot/stage2/QAST.nqp:3624)
called from Sub '' pc 56852 (gen/parrot/stage2/QAST.pir:20239) (gen/parrot/stage2/QAST.nqp:3613)
called from Sub 'as_post' pc 56063 (gen/parrot/stage2/QAST.pir:19923) (gen/parrot/stage2/QAST.nqp:3604)
called from Sub 'as_post' pc 53478 (gen/parrot/stage2/QAST.pir:19067) (gen/parrot/stage2/QAST.nqp:3373)
called from Sub 'as_post' pc 53676 (gen/parrot/stage2/QAST.pir:19175) (gen/parrot/stage2/QAST.nqp:3400)
called from Sub 'as_post' pc 53478 (gen/parrot/stage2/QAST.pir:19067) (gen/parrot/stage2/QAST.nqp:3373)
called from Sub 'post' pc 52998 (gen/parrot/stage2/QAST.pir:18870) (gen/parrot/stage2/QAST.nqp:3331)
called from Sub 'post' pc 1347 (gen/parrot/stage2/NQPHLL.pir:631) (gen/parrot/stage2/NQPHLL.nqp:98)
called from Sub 'compile' pc 32692 (gen/parrot/stage2/NQPHLL.pir:12652) (gen/parrot/stage2/NQPHLL.nqp:1446)
called from Sub 'eval' pc 28115 (gen/parrot/stage2/NQPHLL.pir:10809) (gen/parrot/stage2/NQPHLL.nqp:1180)
called from Sub 'evalfiles' pc 31385 (gen/parrot/stage2/NQPHLL.pir:12153) (gen/parrot/stage2/NQPHLL.nqp:1401)
called from Sub 'command_eval' pc 30391 (gen/parrot/stage2/NQPHLL.pir:11761) (gen/parrot/stage2/NQPHLL.nqp:1321)
called from Sub 'command_line' pc 29264 (gen/parrot/stage2/NQPHLL.pir:11311) (gen/parrot/stage2/NQPHLL.nqp:1269)
called from Sub 'MAIN' pc 601 (gen/parrot/stage2/NQP.pir:203) (gen/parrot/stage2/NQP.nqp:4064)
called from Sub '<mainline>' pc 578 (gen/parrot/stage2/NQP.pir:191) (gen/parrot/stage2/NQP.nqp:4059)
called from Sub '' pc 165843 (gen/parrot/stage2/NQP.pir:58284) (gen/parrot/stage2/NQP.nqp:4036)

[14:39:29] t/nqp/78-shell.t ...................... 
Dubious, test returned 1 (wstat 256, 0x100)
No subtests run 
[14:39:29] t/nqp/79-callercode.t ................. ok      171 ms
[14:39:29] t/nqp/80-matches.t .................... ok      167 ms
[14:39:29] t/nqp/81-radix.t ...................... ok      160 ms
[14:39:29] t/nqp/82-decode.t ..................... ok      107 ms
[14:39:29] t/nqp/83-log.t ........................ ok       88 ms
[14:39:30] t/nqp/84-loop-labels.t ................ ok      338 ms
[14:39:30] t/nqp/85-type-tester.t ................ ok      162 ms
Error while compiling op const: Unknown constant 'PIPE_INHERIT_IN'
current instr.: 'as_post' pc 60932 (gen/parrot/stage2/QAST.pir:21716) (gen/parrot/stage2/QAST.nqp:3899)
called from Sub 'as_post' pc 53413 (gen/parrot/stage2/QAST.pir:19050) (gen/parrot/stage2/QAST.nqp:3369)
called from Sub 'compile_all_the_stmts' pc 60458 (gen/parrot/stage2/QAST.pir:21527) (gen/parrot/stage2/QAST.nqp:3858)
called from Sub 'as_post' pc 60012 (gen/parrot/stage2/QAST.pir:21340) (gen/parrot/stage2/QAST.nqp:3831)
called from Sub 'as_post' pc 53413 (gen/parrot/stage2/QAST.pir:19050) (gen/parrot/stage2/QAST.nqp:3369)
called from Sub 'compile_all_the_stmts' pc 60458 (gen/parrot/stage2/QAST.pir:21527) (gen/parrot/stage2/QAST.nqp:3858)
called from Sub 'as_post' pc 60012 (gen/parrot/stage2/QAST.pir:21340) (gen/parrot/stage2/QAST.nqp:3831)
called from Sub 'as_post' pc 53413 (gen/parrot/stage2/QAST.pir:19050) (gen/parrot/stage2/QAST.nqp:3369)
called from Sub 'compile_all_the_stmts' pc 60458 (gen/parrot/stage2/QAST.pir:21527) (gen/parrot/stage2/QAST.nqp:3858)
called from Sub '' pc 58082 (gen/parrot/stage2/QAST.pir:20634) (gen/parrot/stage2/QAST.nqp:3624)
called from Sub '' pc 56852 (gen/parrot/stage2/QAST.pir:20239) (gen/parrot/stage2/QAST.nqp:3613)
called from Sub 'as_post' pc 56063 (gen/parrot/stage2/QAST.pir:19923) (gen/parrot/stage2/QAST.nqp:3604)
called from Sub 'as_post' pc 53478 (gen/parrot/stage2/QAST.pir:19067) (gen/parrot/stage2/QAST.nqp:3373)
called from Sub 'as_post' pc 53676 (gen/parrot/stage2/QAST.pir:19175) (gen/parrot/stage2/QAST.nqp:3400)
called from Sub 'as_post' pc 53478 (gen/parrot/stage2/QAST.pir:19067) (gen/parrot/stage2/QAST.nqp:3373)
called from Sub 'post' pc 52998 (gen/parrot/stage2/QAST.pir:18870) (gen/parrot/stage2/QAST.nqp:3331)
called from Sub 'post' pc 1347 (gen/parrot/stage2/NQPHLL.pir:631) (gen/parrot/stage2/NQPHLL.nqp:98)
called from Sub 'compile' pc 32692 (gen/parrot/stage2/NQPHLL.pir:12652) (gen/parrot/stage2/NQPHLL.nqp:1446)
called from Sub 'eval' pc 28115 (gen/parrot/stage2/NQPHLL.pir:10809) (gen/parrot/stage2/NQPHLL.nqp:1180)
called from Sub 'evalfiles' pc 31385 (gen/parrot/stage2/NQPHLL.pir:12153) (gen/parrot/stage2/NQPHLL.nqp:1401)
called from Sub 'command_eval' pc 30391 (gen/parrot/stage2/NQPHLL.pir:11761) (gen/parrot/stage2/NQPHLL.nqp:1321)
called from Sub 'command_line' pc 29264 (gen/parrot/stage2/NQPHLL.pir:11311) (gen/parrot/stage2/NQPHLL.nqp:1269)
called from Sub 'MAIN' pc 601 (gen/parrot/stage2/NQP.pir:203) (gen/parrot/stage2/NQP.nqp:4064)
called from Sub '<mainline>' pc 578 (gen/parrot/stage2/NQP.pir:191) (gen/parrot/stage2/NQP.nqp:4059)
called from Sub '' pc 165843 (gen/parrot/stage2/NQP.pir:58284) (gen/parrot/stage2/NQP.nqp:4036)

[14:39:30] t/nqp/86-pipes.t ...................... 
Dubious, test returned 1 (wstat 256, 0x100)
No subtests run 
[14:39:30] t/nqp/87-parametric-6model.t .......... ok      274 ms
[14:39:31] t/parrot/01-pirt.t .................... ok      305 ms
[14:39:31] t/parrot/02-qast.t .................... ok      159 ms
[14:39:31] t/parrot/03-inline.t .................. ok      101 ms
[14:39:31] t/parrot/04-pirop.t ................... ok      111 ms
[14:39:31] t/parrot/05-vtable.t .................. ok      204 ms
[14:39:31] t/parrot/06-errno.t ................... ok       93 ms
[14:39:31] t/hll/01-language.t ................... skipped: design changes, need re-work
[14:39:32] t/hll/02-modules.t .................... skipped: design changes, need re-work
[14:39:32] t/hll/03-exports.t .................... skipped: design changes (EXPORT now lexical), need re-work
[14:39:32] t/hll/04-import.t ..................... skipped: design changes (EXPORT now lexical), need re-work
[14:39:32] t/hll/05-commandline.t ................ ok      448 ms
[14:39:34] t/hll/06-sprintf.t .................... ok     2226 ms
[14:39:41] t/qregex/01-qregex.t .................. ok     6617 ms
[14:39:42] t/p5regex/01-p5regex.t ................ ok     1374 ms
[14:39:44] t/qast/01-qast.t ...................... ok     1722 ms
[14:39:45] t/serialization/01-basic.t ............ ok     1396 ms
[14:39:46] t/serialization/02-types.t ............ ok      606 ms
[14:39:46] t/serialization/03-closures.t ......... ok      311 ms
[14:39:47] t/nativecall/01-basic.t ............... ok      228 ms
[14:39:47]

Test Summary Report
-------------------
t/nqp/07-boolean.t                  (Wstat: 0 Tests: 8 Failed: 1)
  Failed test:  6
t/nqp/19-file-ops.t                 (Wstat: 256 Tests: 0 Failed: 0)
  Non-zero exit status: 1
  Parse errors: No plan found in TAP output
t/nqp/59-nqpop.t                    (Wstat: 0 Tests: 126 Failed: 7)
  Failed tests:  20-22, 32-34, 100
t/nqp/78-shell.t                    (Wstat: 256 Tests: 0 Failed: 0)
  Non-zero exit status: 1
  Parse errors: No plan found in TAP output
t/nqp/86-pipes.t                    (Wstat: 256 Tests: 0 Failed: 0)
  Non-zero exit status: 1
  Parse errors: No plan found in TAP output
Files=103, Tests=3689, 30 wallclock secs ( 0.62 usr  0.10 sys + 25.94 cusr  3.22 csys = 29.88 CPU)
Result: FAIL
Makefile:1162: recipe for target 'p-test' failed
make: *** [p-test] Error 1
