/home/coke/perl5/perlbrew/perls/perl-5.20.1/bin/perl -MExtUtils::Command -e mkpath gen/jvm/stage1
/home/coke/perl5/perlbrew/perls/perl-5.20.1/bin/perl tools/build/gen-cat.pl jvm src/vm/jvm/QAST/Compiler.nqp > gen/jvm/stage1/QAST.nqp
java -cp src/vm/jvm/stage0 -Xbootclasspath/a:src/vm/jvm/stage0:nqp-runtime.jar:3rdparty/asm/asm-4.1.jar:3rdparty/asm/asm-tree-4.1.jar:3rdparty/jline/jline-1.0.jar:3rdparty/jna/jna.jar:src/vm/jvm/stage0/nqp.jar nqp --bootstrap --module-path=gen/jvm/stage1 --setting-path=gen/jvm/stage1 \
         --setting=NQPCORE --no-regex-lib --target=jar \
    --output=gen/jvm/stage1/QAST.jar gen/jvm/stage1/QAST.nqp
Use of undeclared variable '$EX_CAT_AWIAT' at line 92, near " +| $EX_CA"
  in panic (gen/jvm/stage2/NQPHLL.nqp:397)
  in variable (gen/jvm/stage2/NQP.nqp:2710)
  in !reduce (gen/jvm/stage2/QRegex.nqp:1313)
  in !cursor_pass (gen/jvm/stage2/QRegex.nqp:1274)
  in variable (gen/jvm/stage2/NQP.nqp)
  in term:sym<variable> (gen/jvm/stage2/NQP.nqp)
  in !protoregex (gen/jvm/stage2/QRegex.nqp:1350)
  in term (gen/jvm/stage2/NQPHLL.nqp)
  in termish (gen/jvm/stage2/NQPHLL.nqp)
  in EXPR (gen/jvm/stage2/NQPHLL.nqp:559)
  in initializer (gen/jvm/stage2/NQP.nqp)
  in variable_declarator (gen/jvm/stage2/NQP.nqp:1271)
  in declarator (gen/jvm/stage2/NQP.nqp)
  in scoped (gen/jvm/stage2/NQP.nqp:1251)
  in scope_declarator:sym<my> (gen/jvm/stage2/NQP.nqp)
  in !protoregex (gen/jvm/stage2/QRegex.nqp:1350)
  in scope_declarator (gen/jvm/stage2/NQP.nqp)
  in term:sym<scope_declarator> (gen/jvm/stage2/NQP.nqp)
  in !protoregex (gen/jvm/stage2/QRegex.nqp:1350)
  in term (gen/jvm/stage2/NQPHLL.nqp)
  in termish (gen/jvm/stage2/NQPHLL.nqp)
  in EXPR (gen/jvm/stage2/NQPHLL.nqp:559)
  in statement (gen/jvm/stage2/NQP.nqp:959)
  in statementlist (gen/jvm/stage2/NQP.nqp)
  in comp_unit (gen/jvm/stage2/NQP.nqp:929)
  in TOP (gen/jvm/stage2/NQP.nqp:827)
  in parse (gen/jvm/stage2/QRegex.nqp:1997)
  in parse (gen/jvm/stage2/NQPHLL.nqp:1460)
  in compile (gen/jvm/stage2/NQPHLL.nqp:1416)
  in eval (gen/jvm/stage2/NQPHLL.nqp:1153)
  in evalfiles (gen/jvm/stage2/NQPHLL.nqp:1373)
  in command_eval (gen/jvm/stage2/NQPHLL.nqp:1267)
  in command_line (gen/jvm/stage2/NQPHLL.nqp:1241)
  in MAIN (gen/jvm/stage2/NQP.nqp:4109)
  in <mainline> (gen/jvm/stage2/NQP.nqp:4105)
  in  (gen/jvm/stage2/NQP.nqp)
Makefile:272: recipe for target 'gen/jvm/stage1/QAST.jar' failed
make: *** [gen/jvm/stage1/QAST.jar] Error 1
