prove -r --exec "./nqp-m" t/nqp t/hll t/qregex t/p5regex t/qast t/moar t/serialization t/nativecall
[20:03:29] t/nqp/01-literals.t ................... ok       79 ms
[20:03:29] t/nqp/02-if.t ......................... ok       59 ms
[20:03:29] t/nqp/03-if-else.t .................... ok       97 ms
[20:03:29] t/nqp/04-unless.t ..................... ok       49 ms
[20:03:29] t/nqp/05-comments.t ................... ok       46 ms
[20:03:29] t/nqp/06-args-pos.t ................... ok       67 ms
[20:03:29] t/nqp/07-boolean.t .................... ok       67 ms
[20:03:29] t/nqp/08-blocks.t ..................... ok       53 ms
[20:03:29] t/nqp/09-var.t ........................ ok      135 ms
[20:03:29] t/nqp/10-cmp.t ........................ ok       97 ms
[20:03:30] t/nqp/11-sub.t ........................ ok      140 ms
[20:03:30] t/nqp/12-logical.t .................... ok      105 ms
[20:03:30] t/nqp/13-op.t ......................... ok      109 ms
[20:03:30] t/nqp/14-while.t ...................... ok      132 ms
[20:03:30] t/nqp/15-list.t ....................... ok       46 ms
[20:03:30] t/nqp/16-ternary.t .................... ok       57 ms
[20:03:30] t/nqp/17-positional.t ................. ok       58 ms
[20:03:30] t/nqp/18-associative.t ................ ok      104 ms
[20:03:31] t/nqp/19-file-ops.t ................... ok      284 ms
[20:03:31] t/nqp/20-return.t ..................... ok       52 ms
[20:03:31] t/nqp/21-contextual.t ................. ok       64 ms
[20:03:31] t/nqp/22-optional-args.t .............. ok       80 ms
[20:03:31] t/nqp/23-named-args.t ................. ok       74 ms
[20:03:31] t/nqp/24-module.t ..................... ok       56 ms
[20:03:31] t/nqp/25-class.t ...................... ok       90 ms
[20:03:31] t/nqp/26-methodops.t .................. ok       64 ms
[20:03:31] t/nqp/27-self.t ....................... ok       96 ms
[20:03:31] t/nqp/28-subclass.t ................... ok       67 ms
[20:03:31] t/nqp/29-make.t ....................... ok       46 ms
[20:03:31] t/nqp/31-grammar.t .................... ok       77 ms
[20:03:31] t/nqp/32-protoregex.t ................. ok      119 ms
[20:03:32] t/nqp/33-init.t ....................... ok       83 ms
[20:03:32] t/nqp/34-rxcodeblock.t ................ ok      105 ms
[20:03:32] t/nqp/35-prefix-sigil.t ............... ok       37 ms
[20:03:32] t/nqp/36-callable.t ................... ok       32 ms
[20:03:32] t/nqp/37-slurpy.t ..................... ok       87 ms
[20:03:32] t/nqp/38-quotes.t ..................... ok       94 ms
[20:03:32] t/nqp/39-pointy.t ..................... ok       70 ms
[20:03:32] t/nqp/40-lists.t ...................... ok       88 ms
[20:03:32] t/nqp/41-flat.t ....................... ok       65 ms
[20:03:32] t/nqp/42-cond-loop.t .................. ok      117 ms
[20:03:32] t/nqp/43-package-var.t ................ ok       61 ms
[20:03:32] t/nqp/44-try-catch.t .................. ok      113 ms
[20:03:33] t/nqp/45-smartmatch.t ................. ok       87 ms
[20:03:33] t/nqp/46-charspec.t ................... ok       71 ms
[20:03:33] t/nqp/47-loop-control.t ............... ok       72 ms
[20:03:33] t/nqp/48-closure.t .................... ok       79 ms
[20:03:33] t/nqp/49-regex-interpolation.t ........ ok      314 ms
[20:03:33] t/nqp/50-regex.t ...................... ok      123 ms
[20:03:33] t/nqp/51-multi.t ...................... ok       65 ms
[20:03:33] t/nqp/53-knowhow.t .................... ok       93 ms
[20:03:34] t/nqp/55-multi-method.t ............... ok      105 ms
[20:03:34] t/nqp/56-role.t ....................... ok      147 ms
[20:03:34] t/nqp/57-construction.t ............... ok       72 ms
[20:03:34] t/nqp/58-attrs.t ...................... ok       89 ms
[20:03:34] t/nqp/59-nqpop.t ...................... ok      336 ms
[20:03:34] t/nqp/60-bigint.t ..................... ok      229 ms
[20:03:34] t/nqp/61-mixin.t ...................... ok       79 ms
[20:03:35] t/nqp/62-subst.t ...................... ok       82 ms
[20:03:35] t/nqp/63-slurp.t ...................... ok       43 ms
[20:03:35] t/nqp/64-native.t ..................... ok       55 ms
[20:03:35] t/nqp/65-how.t ........................ ok       81 ms
[20:03:35] t/nqp/66-pararole.t ................... ok       82 ms
[20:03:35] t/nqp/67-container.t .................. ok       50 ms
[20:03:35] t/nqp/68-associative-for.t ............ ok       67 ms
[20:03:35] t/nqp/69-js-keywords-as-identifier.t .. ok      123 ms
[20:03:35] t/nqp/70-invokespec.t ................. ok       55 ms
[20:03:35] t/nqp/71-setboolspec.t ................ ok       91 ms
[20:03:35] t/nqp/72-rolehow.t .................... ok      107 ms
[20:03:35] t/nqp/73-delegation.t ................. ok       93 ms
[20:03:36] t/nqp/74-nfa.t ........................ ok       87 ms
[20:03:36] t/nqp/75-curcode.t .................... ok       62 ms
[20:03:36] t/nqp/76-capture.t .................... ok       68 ms
[20:03:36] t/nqp/77-curlexpad.t .................. ok       56 ms
[20:03:36] t/nqp/78-shell.t ...................... ok       89 ms
[20:03:36] t/nqp/79-callercode.t ................. ok       88 ms
[20:03:36] t/nqp/80-matches.t .................... ok       93 ms
[20:03:36] t/nqp/81-radix.t ...................... ok       84 ms
[20:03:36] t/nqp/82-decode.t ..................... ok       55 ms
[20:03:36] t/nqp/83-log.t ........................ ok       47 ms
[20:03:36] t/nqp/84-loop-labels.t ................ ok      130 ms
[20:03:36] t/nqp/85-type-tester.t ................ ok       62 ms
/bin/sh: 1: doesnotexist: not found
/bin/sh: 1: doesnotexist: not found
[20:03:37] t/nqp/86-pipes.t ...................... ok      104 ms
[20:03:37] t/nqp/87-parametric-6model.t .......... ok       97 ms
[20:03:37] t/hll/01-language.t ................... skipped: design changes, need re-work
[20:03:37] t/hll/02-modules.t .................... skipped: design changes, need re-work
[20:03:37] t/hll/03-exports.t .................... skipped: design changes (EXPORT now lexical), need re-work
[20:03:37] t/hll/04-import.t ..................... skipped: design changes (EXPORT now lexical), need re-work
[20:03:37] t/hll/05-commandline.t ................ ok      163 ms
[20:03:38] t/hll/06-sprintf.t .................... ok      640 ms
[20:03:40] t/qregex/01-qregex.t .................. ok     1897 ms
[20:03:40] t/p5regex/01-p5regex.t ................ ok      627 ms
[20:03:41] t/qast/01-qast.t ...................... ok      660 ms
[20:03:41] t/moar/01-continuations.t ............. ok      208 ms
[20:03:42] t/serialization/01-basic.t ............ ok      463 ms
[20:03:42] t/serialization/02-types.t ............ ok      264 ms
[20:03:42] t/serialization/03-closures.t ......... ok      130 ms
[20:03:42] t/nativecall/01-basic.t ............... ok      106 ms
[20:03:42]
All tests successful.
Files=98, Tests=3611, 13 wallclock secs ( 0.39 usr  0.13 sys + 11.90 cusr  0.97 csys = 13.39 CPU)
Result: PASS
