prove -r --exec "./nqp-m" t/nqp t/hll t/qregex t/p5regex t/qast t/moar t/serialization t/nativecall
[15:54:02] t/nqp/01-literals.t ................... ok       29 ms
[15:54:02] t/nqp/02-if.t ......................... ok       29 ms
[15:54:02] t/nqp/03-if-else.t .................... ok       65 ms
[15:54:02] t/nqp/04-unless.t ..................... ok       32 ms
[15:54:02] t/nqp/05-comments.t ................... ok       28 ms
[15:54:02] t/nqp/06-args-pos.t ................... ok       22 ms
[15:54:02] t/nqp/07-boolean.t .................... ok       37 ms
[15:54:02] t/nqp/08-blocks.t ..................... ok       33 ms
[15:54:02] t/nqp/09-var.t ........................ ok       65 ms
[15:54:02] t/nqp/10-cmp.t ........................ ok       63 ms
[15:54:03] t/nqp/11-sub.t ........................ ok       63 ms
[15:54:03] t/nqp/12-logical.t .................... ok       38 ms
[15:54:03] t/nqp/13-op.t ......................... ok       64 ms
[15:54:03] t/nqp/14-while.t ...................... ok      132 ms
[15:54:03] t/nqp/15-list.t ....................... ok       26 ms
[15:54:03] t/nqp/16-ternary.t .................... ok       33 ms
[15:54:03] t/nqp/17-positional.t ................. ok       33 ms
[15:54:03] t/nqp/18-associative.t ................ ok       42 ms
[15:54:03] t/nqp/19-file-ops.t ................... ok      182 ms
[15:54:03] t/nqp/20-return.t ..................... ok       28 ms
[15:54:03] t/nqp/21-contextual.t ................. ok       37 ms
[15:54:03] t/nqp/22-optional-args.t .............. ok       55 ms
[15:54:03] t/nqp/23-named-args.t ................. ok       71 ms
[15:54:03] t/nqp/24-module.t ..................... ok       42 ms
[15:54:03] t/nqp/25-class.t ...................... ok      101 ms
[15:54:04] t/nqp/26-methodops.t .................. ok       69 ms
[15:54:04] t/nqp/27-self.t ....................... ok       53 ms
[15:54:04] t/nqp/28-subclass.t ................... ok       37 ms
[15:54:04] t/nqp/29-make.t ....................... ok       22 ms
[15:54:04] t/nqp/31-grammar.t .................... ok       43 ms
[15:54:04] t/nqp/32-protoregex.t ................. ok       46 ms
[15:54:04] t/nqp/33-init.t ....................... ok       26 ms
[15:54:04] t/nqp/34-rxcodeblock.t ................ ok       56 ms
[15:54:04] t/nqp/35-prefix-sigil.t ............... ok       23 ms
[15:54:04] t/nqp/36-callable.t ................... ok       39 ms
[15:54:04] t/nqp/37-slurpy.t ..................... ok       47 ms
[15:54:04] t/nqp/38-quotes.t ..................... ok       45 ms
[15:54:04] t/nqp/39-pointy.t ..................... ok       32 ms
[15:54:04] t/nqp/40-lists.t ...................... ok       48 ms
[15:54:04] t/nqp/41-flat.t ....................... ok       33 ms
[15:54:04] t/nqp/42-cond-loop.t .................. ok       62 ms
[15:54:04] t/nqp/43-package-var.t ................ ok       31 ms
[15:54:04] t/nqp/44-try-catch.t .................. ok       61 ms
[15:54:04] t/nqp/45-smartmatch.t ................. ok       48 ms
[15:54:04] t/nqp/46-charspec.t ................... ok       20 ms
[15:54:04] t/nqp/47-loop-control.t ............... ok       32 ms
[15:54:04] t/nqp/48-closure.t .................... ok       26 ms
[15:54:05] t/nqp/49-regex-interpolation.t ........ ok      193 ms
[15:54:05] t/nqp/50-regex.t ...................... ok       96 ms
[15:54:05] t/nqp/51-multi.t ...................... ok       47 ms
[15:54:05] t/nqp/53-knowhow.t .................... ok       64 ms
[15:54:05] t/nqp/55-multi-method.t ............... ok       47 ms
[15:54:05] t/nqp/56-role.t ....................... ok       74 ms
[15:54:05] t/nqp/57-construction.t ............... ok       37 ms
[15:54:05] t/nqp/58-attrs.t ...................... ok       35 ms
[15:54:05] t/nqp/59-nqpop.t ...................... ok      267 ms
[15:54:06] t/nqp/60-bigint.t ..................... ok      212 ms
[15:54:06] t/nqp/61-mixin.t ...................... ok       51 ms
[15:54:06] t/nqp/62-subst.t ...................... ok       88 ms
[15:54:06] t/nqp/63-slurp.t ...................... ok       43 ms
[15:54:06] t/nqp/64-native.t ..................... ok       46 ms
[15:54:06] t/nqp/65-how.t ........................ ok       69 ms
[15:54:06] t/nqp/66-pararole.t ................... ok       73 ms
[15:54:06] t/nqp/67-container.t .................. ok       41 ms
[15:54:06] t/nqp/68-associative-for.t ............ ok       60 ms
[15:54:06] t/nqp/69-js-keywords-as-identifier.t .. ok      112 ms
[15:54:06] t/nqp/70-invokespec.t ................. ok       45 ms
[15:54:06] t/nqp/71-setboolspec.t ................ ok       37 ms
[15:54:06] t/nqp/72-rolehow.t .................... ok       68 ms
[15:54:06] t/nqp/73-delegation.t ................. ok       63 ms
[15:54:06] t/nqp/74-nfa.t ........................ ok       61 ms
[15:54:07] t/nqp/75-curcode.t .................... ok       40 ms
[15:54:07] t/nqp/76-capture.t .................... ok       44 ms
[15:54:07] t/nqp/77-curlexpad.t .................. ok       36 ms
[15:54:07] t/nqp/78-shell.t ...................... ok       57 ms
[15:54:07] t/nqp/79-callercode.t ................. ok       47 ms
[15:54:07] t/nqp/80-matches.t .................... ok       53 ms
[15:54:07] t/nqp/81-radix.t ...................... ok       47 ms
[15:54:07] t/nqp/82-decode.t ..................... ok       36 ms
[15:54:07] t/nqp/83-log.t ........................ ok       31 ms
[15:54:07] t/nqp/84-loop-labels.t ................ ok       97 ms
[15:54:07] t/nqp/85-type-tester.t ................ ok       45 ms
[15:54:07] t/nqp/86-pipes.t ...................... ok       86 ms
[15:54:07] t/nqp/87-parametric-6model.t .......... ok      118 ms
[15:54:07] t/hll/01-language.t ................... skipped: design changes, need re-work
[15:54:07] t/hll/02-modules.t .................... skipped: design changes, need re-work
[15:54:07] t/hll/03-exports.t .................... skipped: design changes (EXPORT now lexical), need re-work
[15:54:07] t/hll/04-import.t ..................... skipped: design changes (EXPORT now lexical), need re-work
[15:54:08] t/hll/05-commandline.t ................ ok      139 ms
[15:54:08] t/hll/06-sprintf.t .................... ok      707 ms
[15:54:10] t/qregex/01-qregex.t .................. ok     1969 ms
[15:54:11] t/p5regex/01-p5regex.t ................ ok      527 ms
[15:54:11] t/qast/01-qast.t ...................... ok      536 ms
[15:54:11] t/moar/01-continuations.t ............. ok      162 ms
[15:54:12] t/moar/02-multidim.t .................. ok      485 ms
[15:54:12] t/moar/02-qast-references.t ........... ok      123 ms
[15:54:12] t/serialization/01-basic.t ............ ok      412 ms
[15:54:13] t/serialization/02-types.t ............ ok      193 ms
[15:54:13] t/serialization/03-closures.t ......... ok      130 ms
[15:54:13] t/nativecall/01-basic.t ............... ok       98 ms
[15:54:13]
All tests successful.
Files=100, Tests=3956, 11 wallclock secs ( 0.58 usr  0.12 sys +  9.79 cusr  0.57 csys = 11.06 CPU)
Result: PASS
