/usr/bin/perl -MExtUtils::Command -e mkpath gen/moar/stage1/gen
/usr/bin/perl tools/build/gen-cat.pl moar src/core/NativeTypes.nqp src/core/NQPRoutine.nqp src/core/NQPMu.nqp src/core/NQPCapture.nqp src/core/IO.nqp src/core/Regex.nqp src/core/Hash.nqp src/core/testing.nqp src/core/YOUAREHERE.nqp  > gen/moar/stage1/NQPCORE.setting
/home/coke/sandbox/perl6-roast-data/nqp.js/install/bin/moar --libpath=src/vm/moar/stage0 src/vm/moar/stage0/nqp.moarvm --bootstrap --module-path=gen/moar/stage1 --setting=NULL --no-regex-lib --target=mbc \
    --output=gen/moar/stage1/NQPCORE.setting.moarvm gen/moar/stage1/NQPCORE.setting
/usr/bin/perl -MExtUtils::Command -e mkpath gen/moar/stage1/gen
/usr/bin/perl tools/build/gen-cat.pl moar src/QAST/CompileTimeValue.nqp src/QAST/SpecialArg.nqp src/QAST/Children.nqp src/QAST/Node.nqp src/QAST/NodeList.nqp src/QAST/Regex.nqp src/QAST/IVal.nqp src/QAST/NVal.nqp src/QAST/SVal.nqp src/QAST/BVal.nqp src/QAST/WVal.nqp src/QAST/Want.nqp src/QAST/Var.nqp src/QAST/VarWithFallback.nqp src/QAST/ParamTypeCheck.nqp src/QAST/Op.nqp src/QAST/VM.nqp src/QAST/Stmts.nqp src/QAST/Stmt.nqp src/QAST/Block.nqp src/QAST/Unquote.nqp src/QAST/CompUnit.nqp src/QAST/InlinePlaceholder.nqp  > gen/moar/stage1/QASTNode.nqp
/home/coke/sandbox/perl6-roast-data/nqp.js/install/bin/moar --libpath=src/vm/moar/stage0 src/vm/moar/stage0/nqp.moarvm --bootstrap --module-path=gen/moar/stage1 --setting-path=gen/moar/stage1 \
    --setting=NQPCORE --no-regex-lib --target=mbc \
    --output=gen/moar/stage1/QASTNode.moarvm gen/moar/stage1/QASTNode.nqp
/usr/bin/perl -MExtUtils::Command -e mkpath gen/moar/stage1/gen
/usr/bin/perl tools/build/gen-cat.pl moar src/QRegex/NFA.nqp src/QRegex/Cursor.nqp  > gen/moar/stage1/QRegex.nqp
/home/coke/sandbox/perl6-roast-data/nqp.js/install/bin/moar --libpath=src/vm/moar/stage0 src/vm/moar/stage0/nqp.moarvm --bootstrap --module-path=gen/moar/stage1 --setting-path=gen/moar/stage1 \
    --setting=NQPCORE --no-regex-lib --target=mbc \
    --output=gen/moar/stage1/QRegex.moarvm gen/moar/stage1/QRegex.nqp
/usr/bin/perl -MExtUtils::Command -e mkpath gen/moar/stage1/gen
/usr/bin/perl tools/build/gen-cat.pl moar src/vm/moar/HLL/Backend.nqp src/HLL/Grammar.nqp src/HLL/Actions.nqp src/HLL/Compiler.nqp src/HLL/CommandLine.nqp src/HLL/World.nqp src/HLL/sprintf.nqp  > gen/moar/stage1/NQPHLL.nqp
/home/coke/sandbox/perl6-roast-data/nqp.js/install/bin/moar --libpath=src/vm/moar/stage0 src/vm/moar/stage0/nqp.moarvm --bootstrap --module-path=gen/moar/stage1 --setting-path=gen/moar/stage1 \
    --setting=NQPCORE --no-regex-lib --target=mbc \
    --output=gen/moar/stage1/NQPHLL.moarvm gen/moar/stage1/NQPHLL.nqp
/home/coke/sandbox/perl6-roast-data/nqp.js/install/bin/moar --libpath=src/vm/moar/stage0 src/vm/moar/stage0/nqp.moarvm --bootstrap --module-path=gen/moar/stage1 --setting-path=gen/moar/stage1 \
    --setting=NQPCORE --no-regex-lib --target=mbc \
    --output=gen/moar/stage1/MASTOps.moarvm /home/coke/sandbox/perl6-roast-data/nqp.js/install/share/nqp/lib/MAST/Ops.nqp
/home/coke/sandbox/perl6-roast-data/nqp.js/install/bin/moar --libpath=src/vm/moar/stage0 src/vm/moar/stage0/nqp.moarvm --bootstrap --module-path=gen/moar/stage1 --setting-path=gen/moar/stage1 \
    --setting=NQPCORE --no-regex-lib --target=mbc \
    --output=gen/moar/stage1/MASTNodes.moarvm /home/coke/sandbox/perl6-roast-data/nqp.js/install/share/nqp/lib/MAST/Nodes.nqp
/usr/bin/perl -MExtUtils::Command -e mkpath gen/moar/stage1/gen
/usr/bin/perl tools/build/gen-cat.pl moar src/vm/moar/QAST/QASTRegexCompilerMAST.nqp src/vm/moar/QAST/QASTOperationsMAST.nqp src/vm/moar/QAST/QASTCompilerMAST.nqp  > gen/moar/stage1/QAST.nqp
/home/coke/sandbox/perl6-roast-data/nqp.js/install/bin/moar --libpath=src/vm/moar/stage0 src/vm/moar/stage0/nqp.moarvm --bootstrap --module-path=gen/moar/stage1 --setting-path=gen/moar/stage1 \
    --setting=NQPCORE --no-regex-lib --target=mbc \
    --output=gen/moar/stage1/QAST.moarvm gen/moar/stage1/QAST.nqp
/usr/bin/perl -MExtUtils::Command -e mkpath gen/moar/stage1/gen
/usr/bin/perl tools/build/gen-cat.pl moar src/QRegex/P6Regex/Grammar.nqp src/QRegex/P6Regex/Actions.nqp src/QRegex/P6Regex/Compiler.nqp src/QRegex/P6Regex/Optimizer.nqp  > gen/moar/stage1/NQPP6QRegex.nqp
/home/coke/sandbox/perl6-roast-data/nqp.js/install/bin/moar --libpath=src/vm/moar/stage0 src/vm/moar/stage0/nqp.moarvm --bootstrap --module-path=gen/moar/stage1 --setting-path=gen/moar/stage1 \
    --setting=NQPCORE --no-regex-lib --target=mbc \
    --output=gen/moar/stage1/NQPP6QRegex.moarvm gen/moar/stage1/NQPP6QRegex.nqp
/usr/bin/perl -MExtUtils::Command -e mkpath gen/moar/stage1/gen
/usr/bin/perl tools/build/gen-version.pl > gen/moar/stage1/nqp-config.nqp
/usr/bin/perl tools/build/gen-cat.pl moar src/vm/moar/NQP/Ops.nqp src/NQP/World.nqp src/NQP/Grammar.nqp src/NQP/Optimizer.nqp src/NQP/Actions.nqp src/NQP/Compiler.nqp  gen/moar/stage1/nqp-config.nqp > gen/moar/stage1/NQP.nqp
/home/coke/sandbox/perl6-roast-data/nqp.js/install/bin/moar --libpath=src/vm/moar/stage0 src/vm/moar/stage0/nqp.moarvm --bootstrap --module-path=gen/moar/stage1 --setting-path=gen/moar/stage1 \
    --setting=NQPCORE --target=mbc --no-regex-lib \
    --output=gen/moar/stage1/nqp.moarvm gen/moar/stage1/NQP.nqp
/usr/bin/perl -MExtUtils::Command -e mkpath gen/moar/stage2/gen
/usr/bin/perl tools/build/gen-cat.pl moar src/how/Archetypes.nqp src/how/RoleToRoleApplier.nqp src/how/NQPConcreteRoleHOW.nqp src/how/RoleToClassApplier.nqp src/how/NQPCurriedRoleHOW.nqp src/how/NQPParametricRoleHOW.nqp src/how/NQPClassHOW.nqp src/how/NQPNativeHOW.nqp src/how/NQPAttribute.nqp src/how/NQPModuleHOW.nqp src/how/EXPORTHOW.nqp  > gen/moar/stage2/nqpmo.nqp
/home/coke/sandbox/perl6-roast-data/nqp.js/install/bin/moar --libpath=gen/moar/stage1 gen/moar/stage1/nqp.moarvm --bootstrap --setting=NULL --no-regex-lib --target=mbc \
    --output=gen/moar/stage2/nqpmo.moarvm gen/moar/stage2/nqpmo.nqp
/home/coke/sandbox/perl6-roast-data/nqp.js/install/bin/moar --libpath=gen/moar/stage1 gen/moar/stage1/nqp.moarvm --bootstrap --setting=NULL --no-regex-lib --target=mbc \
    --output=gen/moar/stage2/ModuleLoader.moarvm src/vm/moar/ModuleLoader.nqp
/usr/bin/perl -MExtUtils::Command -e mkpath gen/moar/stage2/gen
/usr/bin/perl tools/build/gen-cat.pl moar src/core/NativeTypes.nqp src/core/NQPRoutine.nqp src/core/NQPMu.nqp src/core/NQPCapture.nqp src/core/IO.nqp src/core/Regex.nqp src/core/Hash.nqp src/core/testing.nqp src/core/YOUAREHERE.nqp  > gen/moar/stage2/NQPCORE.setting
/home/coke/sandbox/perl6-roast-data/nqp.js/install/bin/moar --libpath=gen/moar/stage1 gen/moar/stage1/nqp.moarvm --bootstrap --module-path=gen/moar/stage2 --setting=NULL --no-regex-lib --target=mbc \
    --output=gen/moar/stage2/NQPCORE.setting.moarvm gen/moar/stage2/NQPCORE.setting
/usr/bin/perl -MExtUtils::Command -e mkpath gen/moar/stage2/gen
/usr/bin/perl tools/build/gen-cat.pl moar src/QAST/CompileTimeValue.nqp src/QAST/SpecialArg.nqp src/QAST/Children.nqp src/QAST/Node.nqp src/QAST/NodeList.nqp src/QAST/Regex.nqp src/QAST/IVal.nqp src/QAST/NVal.nqp src/QAST/SVal.nqp src/QAST/BVal.nqp src/QAST/WVal.nqp src/QAST/Want.nqp src/QAST/Var.nqp src/QAST/VarWithFallback.nqp src/QAST/ParamTypeCheck.nqp src/QAST/Op.nqp src/QAST/VM.nqp src/QAST/Stmts.nqp src/QAST/Stmt.nqp src/QAST/Block.nqp src/QAST/Unquote.nqp src/QAST/CompUnit.nqp src/QAST/InlinePlaceholder.nqp  > gen/moar/stage2/QASTNode.nqp
/home/coke/sandbox/perl6-roast-data/nqp.js/install/bin/moar --libpath=gen/moar/stage1 gen/moar/stage1/nqp.moarvm --bootstrap --module-path=gen/moar/stage2 --setting-path=gen/moar/stage2 \
    --setting=NQPCORE --no-regex-lib --target=mbc \
    --output=gen/moar/stage2/QASTNode.moarvm gen/moar/stage2/QASTNode.nqp
/usr/bin/perl -MExtUtils::Command -e mkpath gen/moar/stage2/gen
/usr/bin/perl tools/build/gen-cat.pl moar src/QRegex/NFA.nqp src/QRegex/Cursor.nqp  > gen/moar/stage2/QRegex.nqp
/home/coke/sandbox/perl6-roast-data/nqp.js/install/bin/moar --libpath=gen/moar/stage1 gen/moar/stage1/nqp.moarvm --bootstrap --module-path=gen/moar/stage2 --setting-path=gen/moar/stage2 \
    --setting=NQPCORE --no-regex-lib --target=mbc \
    --output=gen/moar/stage2/QRegex.moarvm gen/moar/stage2/QRegex.nqp
/usr/bin/perl -MExtUtils::Command -e mkpath gen/moar/stage2/gen
/usr/bin/perl tools/build/gen-cat.pl moar src/vm/moar/HLL/Backend.nqp src/HLL/Grammar.nqp src/HLL/Actions.nqp src/HLL/Compiler.nqp src/HLL/CommandLine.nqp src/HLL/World.nqp src/HLL/sprintf.nqp  > gen/moar/stage2/NQPHLL.nqp
/home/coke/sandbox/perl6-roast-data/nqp.js/install/bin/moar --libpath=gen/moar/stage1 gen/moar/stage1/nqp.moarvm --bootstrap --module-path=gen/moar/stage2 --setting-path=gen/moar/stage2 \
    --setting=NQPCORE --no-regex-lib --target=mbc \
    --output=gen/moar/stage2/NQPHLL.moarvm gen/moar/stage2/NQPHLL.nqp
/home/coke/sandbox/perl6-roast-data/nqp.js/install/bin/moar --libpath=gen/moar/stage1 gen/moar/stage1/nqp.moarvm --bootstrap --module-path=gen/moar/stage2 --setting-path=gen/moar/stage2 \
    --setting=NQPCORE --no-regex-lib --target=mbc \
    --output=gen/moar/stage2/MASTOps.moarvm /home/coke/sandbox/perl6-roast-data/nqp.js/install/share/nqp/lib/MAST/Ops.nqp
/home/coke/sandbox/perl6-roast-data/nqp.js/install/bin/moar --libpath=gen/moar/stage1 gen/moar/stage1/nqp.moarvm --bootstrap --module-path=gen/moar/stage2 --setting-path=gen/moar/stage2 \
    --setting=NQPCORE --no-regex-lib --target=mbc \
    --output=gen/moar/stage2/MASTNodes.moarvm /home/coke/sandbox/perl6-roast-data/nqp.js/install/share/nqp/lib/MAST/Nodes.nqp
/usr/bin/perl -MExtUtils::Command -e mkpath gen/moar/stage2/gen
/usr/bin/perl tools/build/gen-cat.pl moar src/vm/moar/QAST/QASTRegexCompilerMAST.nqp src/vm/moar/QAST/QASTOperationsMAST.nqp src/vm/moar/QAST/QASTCompilerMAST.nqp  > gen/moar/stage2/QAST.nqp
/home/coke/sandbox/perl6-roast-data/nqp.js/install/bin/moar --libpath=gen/moar/stage1 gen/moar/stage1/nqp.moarvm --bootstrap --module-path=gen/moar/stage2 --setting-path=gen/moar/stage2 \
    --setting=NQPCORE --no-regex-lib --target=mbc \
    --output=gen/moar/stage2/QAST.moarvm gen/moar/stage2/QAST.nqp
/usr/bin/perl -MExtUtils::Command -e mkpath gen/moar/stage2/gen
/usr/bin/perl tools/build/gen-cat.pl moar src/QRegex/P6Regex/Grammar.nqp src/QRegex/P6Regex/Actions.nqp src/QRegex/P6Regex/Compiler.nqp src/QRegex/P6Regex/Optimizer.nqp  > gen/moar/stage2/NQPP6QRegex.nqp
/home/coke/sandbox/perl6-roast-data/nqp.js/install/bin/moar --libpath=gen/moar/stage1 gen/moar/stage1/nqp.moarvm --bootstrap --module-path=gen/moar/stage2 --setting-path=gen/moar/stage2 \
    --setting=NQPCORE --no-regex-lib --target=mbc \
    --output=gen/moar/stage2/NQPP6QRegex.moarvm gen/moar/stage2/NQPP6QRegex.nqp
/usr/bin/perl -MExtUtils::Command -e mkpath gen/moar/stage2/gen
/usr/bin/perl tools/build/gen-version.pl > gen/moar/stage2/nqp-config.nqp
/usr/bin/perl tools/build/gen-cat.pl moar src/vm/moar/NQP/Ops.nqp src/NQP/World.nqp src/NQP/Grammar.nqp src/NQP/Optimizer.nqp src/NQP/Actions.nqp src/NQP/Compiler.nqp  gen/moar/stage2/nqp-config.nqp > gen/moar/stage2/NQP.nqp
/home/coke/sandbox/perl6-roast-data/nqp.js/install/bin/moar --libpath=gen/moar/stage1 gen/moar/stage1/nqp.moarvm --bootstrap --module-path=gen/moar/stage2 --setting-path=gen/moar/stage2 \
    --setting=NQPCORE --target=mbc --no-regex-lib \
    --output=gen/moar/stage2/nqp.moarvm gen/moar/stage2/NQP.nqp
/usr/bin/perl -MExtUtils::Command -e cp gen/moar/stage2/nqpmo.moarvm .
/usr/bin/perl -MExtUtils::Command -e cp gen/moar/stage2/ModuleLoader.moarvm .
/usr/bin/perl -MExtUtils::Command -e cp gen/moar/stage2/NQPCORE.setting.moarvm .
/usr/bin/perl -MExtUtils::Command -e cp gen/moar/stage2/QASTNode.moarvm .
/usr/bin/perl -MExtUtils::Command -e cp gen/moar/stage2/QRegex.moarvm .
/usr/bin/perl -MExtUtils::Command -e cp gen/moar/stage2/NQPHLL.moarvm .
/usr/bin/perl -MExtUtils::Command -e cp gen/moar/stage2/MASTOps.moarvm .
/usr/bin/perl -MExtUtils::Command -e cp gen/moar/stage2/MASTNodes.moarvm .
/usr/bin/perl -MExtUtils::Command -e cp gen/moar/stage2/QAST.moarvm .
/usr/bin/perl -MExtUtils::Command -e cp gen/moar/stage2/NQPP6QRegex.moarvm .
/usr/bin/perl -MExtUtils::Command -e cp gen/moar/stage2/nqp.moarvm .
/usr/bin/perl -MExtUtils::Command -e mkpath gen/moar/stage2/gen
/usr/bin/perl tools/build/gen-cat.pl moar src/QRegex/P5Regex/Grammar.nqp src/QRegex/P5Regex/Actions.nqp src/QRegex/P5Regex/Compiler.nqp  > gen/moar/stage2/NQPP5QRegex.nqp
./nqp-m --target=mbc --output=NQPP5QRegex.moarvm \
    gen/moar/stage2/NQPP5QRegex.nqp
/usr/bin/perl -MExtUtils::Command -e mkpath gen/js/stage1/QAST
./nqp-m --module-path=gen/js/stage1 --target=mbc --output=gen/js/stage1/QAST/Compiler.moarvm src/vm/js/QAST/Compiler.nqp
/usr/bin/perl -MExtUtils::Command -e mkpath gen/moar/stage2/QAST
/usr/bin/perl -MExtUtils::Command -e cp gen/js/stage1/QAST/Compiler.moarvm gen/moar/stage2/QAST/Compiler.moarvm
/usr/bin/perl -MExtUtils::Command -e mkpath gen/js/stage1/HLL
./nqp-m --module-path=gen/js/stage1 --target=mbc --output=gen/js/stage1/HLL/Backend.moarvm src/vm/js/HLL/Backend.nqp
/usr/bin/perl -MExtUtils::Command -e mkpath gen/moar/stage2/HLL
/usr/bin/perl -MExtUtils::Command -e cp gen/js/stage1/HLL/Backend.moarvm gen/moar/stage2/HLL/Backend.moarvm
/usr/bin/perl -MExtUtils::Command -e mkpath gen/js/stage2
./nqp-m --module-path gen/js/stage1 src/vm/js/bin/cross-compile.nqp --setting=NULL --target=mbc --output gen/js/stage2/nqpmo.moarvm gen/js/stage2/nqpmo.nqp > node_modules/nqpmo.js
/usr/bin/perl -MExtUtils::Command -e mkpath gen/js/stage2
./nqp-m --module-path gen/js/stage1 src/vm/js/bin/cross-compile.nqp --setting=NULL --target=mbc --output gen/js/stage2/NQPCORE.setting.moarvm gen/js/stage2/NQPCORE.setting.nqp > node_modules/NQPCORE.setting.js
/usr/bin/perl -MExtUtils::Command -e mkpath gen/js/stage2
./nqp-m --module-path gen/js/stage1 src/vm/js/bin/cross-compile.nqp --setting=NQPCORE --target=mbc --output gen/js/stage2/QASTNode.moarvm gen/js/stage2/QASTNode.nqp > node_modules/QASTNode.js
/usr/bin/perl -MExtUtils::Command -e mkpath gen/js/stage2
./nqp-m --module-path gen/js/stage1 src/vm/js/bin/cross-compile.nqp --setting=NQPCORE --target=mbc --output gen/js/stage2/QRegex.moarvm gen/js/stage2/QRegex.nqp > node_modules/QRegex.js
src/vm/js/bin/run_tests
[09:14:15] t/nqp/01-literals.t ................... ok      286 ms
[09:14:16] t/nqp/02-if.t ......................... ok      359 ms
[09:14:16] t/nqp/03-if-else.t .................... ok      314 ms
[09:14:16] t/nqp/04-unless.t ..................... ok      262 ms
[09:14:16] t/nqp/05-comments.t ................... ok      301 ms
[09:14:17] t/nqp/06-args-pos.t ................... ok      294 ms
[09:14:17] t/nqp/07-boolean.t .................... ok      273 ms
[09:14:17] t/nqp/08-blocks.t ..................... ok      269 ms
[09:14:18] t/nqp/09-var.t ........................ ok      351 ms
[09:14:18] t/nqp/10-cmp.t ........................ ok      351 ms
[09:14:18] t/nqp/11-sub.t ........................ ok      394 ms
[09:14:19] t/nqp/12-logical.t .................... ok      352 ms
[09:14:19] t/nqp/13-op.t ......................... ok      342 ms
[09:14:19] t/nqp/14-while.t ...................... ok      341 ms
[09:14:20] t/nqp/15-list.t ....................... ok      230 ms
[09:14:20] t/nqp/16-ternary.t .................... ok      232 ms
[09:14:20] t/nqp/17-positional.t ................. ok      235 ms
[09:14:20] t/nqp/18-associative.t ................ ok      254 ms
[09:14:21] t/nqp/20-return.t ..................... ok      227 ms
[09:14:21] t/nqp/21-contextual.t ................. ok      240 ms
[09:14:21] t/nqp/22-optional-args.t .............. ok      226 ms
[09:14:21] t/nqp/23-named-args.t ................. ok      243 ms
[09:14:22] t/nqp/25-class.t ...................... ok      274 ms
[09:14:22] t/nqp/26-methodops.t .................. ok      244 ms
[09:14:22] t/nqp/27-self.t ....................... ok      306 ms
[09:14:23] t/nqp/28-subclass.t ................... ok      319 ms
[09:14:23] t/nqp/33-init.t ....................... ok      272 ms
[09:14:23] t/nqp/35-prefix-sigil.t ............... ok      330 ms
[09:14:23] t/nqp/36-callable.t ................... ok      298 ms
[09:14:24] t/nqp/37-slurpy.t ..................... ok      275 ms
[09:14:24] t/nqp/38-quotes.t ..................... ok      276 ms
[09:14:24] t/nqp/39-pointy.t ..................... ok      247 ms
[09:14:24] t/nqp/40-lists.t ...................... ok      260 ms
[09:14:25] t/nqp/41-flat.t ....................... ok      262 ms
[09:14:25] t/nqp/42-cond-loop.t .................. ok      321 ms
[09:14:25] t/nqp/46-charspec.t ................... ok      260 ms
[09:14:26] t/nqp/47-loop-control.t ............... ok      303 ms
[09:14:26] t/nqp/48-closure.t .................... ok      352 ms
[09:14:26] t/nqp/51-multi.t ...................... ok      330 ms
[09:14:27] t/nqp/53-knowhow.t .................... ok      354 ms
[09:14:27] t/nqp/55-multi-method.t ............... ok      338 ms
[09:14:27] t/nqp/56-role.t ....................... ok      377 ms
[09:14:28] t/nqp/57-construction.t ............... ok      278 ms
[09:14:28] t/nqp/58-attrs.t ...................... ok      346 ms
[09:14:29] t/nqp/59-nqpop.t ...................... ok      606 ms
[09:14:29] t/nqp/63-slurp.t ...................... ok      324 ms
[09:14:29] t/nqp/64-native.t ..................... ok      268 ms
[09:14:30] t/nqp/65-how.t ........................ ok      401 ms
[09:14:30] t/nqp/68-associative-for.t ............ ok      371 ms
[09:14:30] t/nqp/69-js-keywords-as-identifier.t .. ok      422 ms
[09:14:31] t/nqp/70-invokespec.t ................. ok      299 ms
[09:14:31] t/nqp/71-setboolspec.t ................ ok      323 ms
[09:14:31] t/nqp/75-curcode.t .................... ok      320 ms
[09:14:32] t/nqp/76-capture.t .................... ok      323 ms
[09:14:32] t/nqp/79-callercode.t ................. ok      308 ms
[09:14:32] t/nqp/81-radix.t ...................... ok      299 ms
[09:14:33] t/nqp/83-log.t ........................ ok      258 ms
[09:14:33] t/nqp/88-more-if-tests.t .............. ok      259 ms
[09:14:33] t/nqp/89-istype.t ..................... ok      252 ms
[09:14:33] t/nqp/90-findmethod.t ................. ok      310 ms
[09:14:34] t/nqp/91-codename.t ................... ok      261 ms
[09:14:34] t/nqp/92-where.t ...................... ok      238 ms
[09:14:34] t/nqp/93-oo-ops.t ..................... ok      361 ms
[09:14:35] t/nqp/94-clone.t ...................... ok      291 ms
[09:14:35] t/js/getcomp-js.t ..................... ok      299 ms
[09:14:35] t/qast/02-manipulation.t .............. ok      325 ms
[09:14:35]
All tests successful.
Files=66, Tests=675, 20 wallclock secs ( 0.23 usr  0.04 sys + 18.09 cusr  1.75 csys = 20.11 CPU)
Result: PASS
