/home/coke/perl5/perlbrew/perls/perl-5.20.1/bin/perl t/spec/fudgeall rakudo.moar t/spec/S02-lexical-conventions/begin_end_pod.t t/spec/S02-lexical-conventions/bom.t t/spec/S02-lexical-conventions/comments.t t/spec/S02-lexical-conventions/end-pod.t t/spec/S02-lexical-conventions/minimal-whitespace.t t/spec/S02-lexical-conventions/one-pass-parsing.t t/spec/S02-lexical-conventions/pod-in-multi-line-exprs.t t/spec/S02-lexical-conventions/sub-block-parsing.t t/spec/S02-lexical-conventions/unicode.t t/spec/S02-lexical-conventions/unicode-whitespace.t t/spec/S02-lexical-conventions/unspace.t t/spec/S02-lists/indexing.t t/spec/S02-lists/tree.t t/spec/S02-literals/adverbs.t t/spec/S02-literals/array-interpolation.t t/spec/S02-literals/autoref.t t/spec/S02-literals/char-by-name.t t/spec/S02-literals/char-by-number.t t/spec/S02-literals/fmt-interpolation.t t/spec/S02-literals/hash-interpolation.t t/spec/S02-literals/heredocs.t t/spec/S02-literals/hex_chars.t t/spec/S02-literals/listquote.t t/spec/S02-literals/listquote-whitespace.t t/spec/S02-literals/misc-interpolation.t t/spec/S02-literals/numeric.t t/spec/S02-literals/pair-boolean.t t/spec/S02-literals/pairs.t t/spec/S02-literals/quoting.t t/spec/S02-literals/quoting-unicode.t t/spec/S02-literals/radix.t t/spec/S02-literals/string-interpolation.t t/spec/S02-literals/sub-calls.t t/spec/S02-literals/subscript.t t/spec/S02-literals/types.t t/spec/S02-literals/underscores.t t/spec/S02-literals/version.t t/spec/S02-magicals/78258.t t/spec/S02-magicals/args.t t/spec/S02-magicals/DISTRO.t t/spec/S02-magicals/dollar_bang.t t/spec/S02-magicals/dollar-underscore.t t/spec/S02-magicals/env.t t/spec/S02-magicals/file_line.t t/spec/S02-magicals/KERNEL.t t/spec/S02-magicals/PERL.t t/spec/S02-magicals/pid.t t/spec/S02-magicals/progname.t t/spec/S02-magicals/sub.t t/spec/S02-magicals/VM.t t/spec/S02-names/bare-sigil.t t/spec/S02-names/caller.t t/spec/S02-names/identifier.t t/spec/S02-names/indirect.t t/spec/S02-names/is_cached.t t/spec/S02-names/is_default.t t/spec/S02-names/is_dynamic.t t/spec/S02-names/name.t t/spec/S02-names/our.t t/spec/S02-names/pseudo.t t/spec/S02-names/strict.t t/spec/S02-names/symbolic-deref.t t/spec/S02-names-vars/contextual.t t/spec/S02-names-vars/fmt.t t/spec/S02-names-vars/list_array_perl.t t/spec/S02-names-vars/names.t t/spec/S02-names-vars/perl.t t/spec/S02-names-vars/signature.t t/spec/S02-names-vars/variables-and-packages.t t/spec/S02-names-vars/varnames.t t/spec/S02-one-pass-parsing/less-than.t t/spec/S02-packages/package-lookup.t t/spec/S02-types/anon_block.t t/spec/S02-types/array_extending.t t/spec/S02-types/array_ref.t t/spec/S02-types/array-shapes.t t/spec/S02-types/array.t t/spec/S02-types/assigning-refs.t t/spec/S02-types/autovivification.t t/spec/S02-types/bag.t t/spec/S02-types/baghash.t t/spec/S02-types/bool.t t/spec/S02-types/built-in.t t/spec/S02-types/capture.t t/spec/S02-types/catch_type_cast_mismatch.t t/spec/S02-types/declare.t t/spec/S02-types/deprecations.t t/spec/S02-types/fatrat.t t/spec/S02-types/flattening.t t/spec/S02-types/hash_ref.t t/spec/S02-types/hash.t t/spec/S02-types/infinity.t t/spec/S02-types/instants-and-durations.t t/spec/S02-types/int-uint.t t/spec/S02-types/isDEPRECATED.t t/spec/S02-types/lazy-lists.t t/spec/S02-types/lists.t t/spec/S02-types/mix.t t/spec/S02-types/mixhash.t t/spec/S02-types/mixed_multi_dimensional.t t/spec/S02-types/multi_dimensional_array.t t/spec/S02-types/nan.t t/spec/S02-types/native.t t/spec/S02-types/nested_arrays.t t/spec/S02-types/nested_pairs.t t/spec/S02-types/nil.t t/spec/S02-types/num.t t/spec/S02-types/pair.t t/spec/S02-types/parcel.t t/spec/S02-types/parsing-bool.t t/spec/S02-types/range.t t/spec/S02-types/set.t t/spec/S02-types/sethash.t t/spec/S02-types/sigils-and-types.t t/spec/S02-types/stash.t t/spec/S02-types/subscripts_and_context.t t/spec/S02-types/subset.t t/spec/S02-types/type.t t/spec/S02-types/undefined-types.t t/spec/S02-types/unicode.t t/spec/S02-types/version.t t/spec/S02-types/whatever.t t/spec/S02-types/WHICH.t t/spec/S03-binding/arrays.t t/spec/S03-binding/attributes.t t/spec/S03-binding/closure.t t/spec/S03-binding/hashes.t t/spec/S03-binding/nested.t t/spec/S03-binding/ro.t t/spec/S03-binding/scalars.t t/spec/S03-feeds/basic.t t/spec/S03-junctions/associative.t t/spec/S03-junctions/autothreading.t t/spec/S03-junctions/boolean-context.t t/spec/S03-junctions/misc.t t/spec/S03-metaops/cross.t t/spec/S03-metaops/eager-hyper.t t/spec/S03-metaops/hyper.t t/spec/S03-metaops/not.t t/spec/S03-metaops/reduce.t t/spec/S03-metaops/reverse.t t/spec/S03-metaops/zip.t t/spec/S03-operators/adverbial-modifiers.t t/spec/S03-operators/also.t t/spec/S03-operators/andthen.t t/spec/S03-operators/orelse.t t/spec/S03-operators/arith.t t/spec/S03-operators/assign-is-not-binding.t t/spec/S03-operators/assign.t t/spec/S03-operators/autoincrement-range.t t/spec/S03-operators/autoincrement.t t/spec/S03-operators/autovivification.t t/spec/S03-operators/bag.t t/spec/S03-operators/basic-types.t t/spec/S03-operators/bit.t t/spec/S03-operators/boolean-bitwise.t t/spec/S03-operators/brainos.t t/spec/S03-operators/custom.t t/spec/S03-operators/buf.t t/spec/S03-operators/chained-declarators.t t/spec/S03-operators/cmp.t t/spec/S03-operators/comparison-simple.t t/spec/S03-operators/comparison.t t/spec/S03-operators/context-forcers.t t/spec/S03-operators/context.t t/spec/S03-operators/equality.t t/spec/S03-operators/eqv.t t/spec/S03-operators/fiddly.t t/spec/S03-operators/flip-flop.t t/spec/S03-operators/gcd.t t/spec/S03-operators/div.t t/spec/S03-operators/identity.t t/spec/S03-operators/increment.t t/spec/S03-operators/infixed-function.t t/spec/S03-operators/inplace.t t/spec/S03-operators/is-divisible-by.t t/spec/S03-operators/lcm.t t/spec/S03-operators/list-quote-junction.t t/spec/S03-operators/minmax.t t/spec/S03-operators/misc.t t/spec/S03-operators/mix.t t/spec/S03-operators/names.t t/spec/S03-operators/nesting.t t/spec/S03-operators/not.t t/spec/S03-operators/numeric-shift.t t/spec/S03-operators/overflow.t t/spec/S03-operators/precedence.t t/spec/S03-operators/range-basic.t t/spec/S03-operators/range-int.t t/spec/S03-operators/range.t t/spec/S03-operators/reduce-le1arg.t t/spec/S03-operators/relational.t t/spec/S03-operators/repeat.t t/spec/S03-operators/scalar-assign.t t/spec/S03-operators/set.t t/spec/S03-operators/short-circuit.t t/spec/S03-operators/so.t t/spec/S03-operators/spaceship-and-containers.t t/spec/S03-operators/spaceship.t t/spec/S03-operators/subscript-adverbs.t t/spec/S03-operators/subscript-vs-lt.t t/spec/S03-operators/ternary.t t/spec/S03-operators/value_equivalence.t t/spec/S03-sequence/arity0.t t/spec/S03-sequence/arity-2-or-more.t t/spec/S03-sequence/basic.t t/spec/S03-sequence/limit-arity-2-or-more.t t/spec/S03-sequence/misc.t t/spec/S03-sequence/nonnumeric.t t/spec/S03-smartmatch/any-any.t t/spec/S03-smartmatch/any-array.t t/spec/S03-smartmatch/any-bool.t t/spec/S03-smartmatch/any-callable.t t/spec/S03-smartmatch/any-complex.t t/spec/S03-smartmatch/any-hash-pair.t t/spec/S03-smartmatch/any-method.t t/spec/S03-smartmatch/any-num.t t/spec/S03-smartmatch/any-pair.t t/spec/S03-smartmatch/any-str.t t/spec/S03-smartmatch/any-sub.t t/spec/S03-smartmatch/any-type.t t/spec/S03-smartmatch/array-array.t t/spec/S03-smartmatch/array-hash.t t/spec/S03-smartmatch/capture-signature.t t/spec/S03-smartmatch/disorganized.t t/spec/S03-smartmatch/hash-hash.t t/spec/S03-smartmatch/range-range.t t/spec/S03-smartmatch/regex-hash.t t/spec/S03-smartmatch/scalar-hash.t t/spec/S03-smartmatch/signature-signature.t t/spec/S04-blocks-and-statements/let.t t/spec/S04-blocks-and-statements/pointy-rw.t t/spec/S04-blocks-and-statements/pointy.t t/spec/S04-blocks-and-statements/temp.t t/spec/S04-declarations/constant.t t/spec/S04-declarations/implicit-parameter.t t/spec/S04-declarations/multiple.t t/spec/S04-declarations/my.t t/spec/S04-declarations/our.t t/spec/S04-declarations/state.t t/spec/S04-declarations/will.t t/spec/S04-exception-handlers/catch.t t/spec/S04-exception-handlers/top-level.t t/spec/S04-exceptions/control_across_runloop.t t/spec/S04-exceptions/fail.t t/spec/S04-exceptions/pending.t t/spec/S04-phasers/ascending-order.t t/spec/S04-phasers/begin.t t/spec/S04-phasers/check.t t/spec/S04-phasers/descending-order.t t/spec/S04-phasers/end.t t/spec/S04-phasers/enter-leave.t t/spec/S04-phasers/eval-in-begin.t t/spec/S04-phasers/first.t t/spec/S04-phasers/init.t t/spec/S04-phasers/in-eval.t t/spec/S04-phasers/in-loop.t t/spec/S04-phasers/keep-undo.t t/spec/S04-phasers/multiple.t t/spec/S04-phasers/next.t t/spec/S04-phasers/pre-post.t t/spec/S04-phasers/rvalue.t t/spec/S04-statement-modifiers/for.t t/spec/S04-statement-modifiers/given.t t/spec/S04-statement-modifiers/if.t t/spec/S04-statement-modifiers/unless.t t/spec/S04-statement-modifiers/until.t t/spec/S04-statement-modifiers/values_in_bool_context.t t/spec/S04-statement-modifiers/while.t t/spec/S04-statement-parsing/hash.t t/spec/S04-statements/do.t t/spec/S04-statements/for-scope.t t/spec/S04-statements/for.t t/spec/S04-statements/for_with_only_one_item.t t/spec/S04-statements/gather.t t/spec/S04-statements/given.t t/spec/S04-statements/if.t t/spec/S04-statements/label.t t/spec/S04-statements/last.t t/spec/S04-statements/loop.t t/spec/S04-statements/map-and-sort-in-for.t t/spec/S04-statements/next.t t/spec/S04-statements/no-implicit-block.t t/spec/S04-statements/once.t t/spec/S04-statements/redo.t t/spec/S04-statements/repeat.t t/spec/S04-statements/return.t t/spec/S04-statements/sink.t t/spec/S04-statements/terminator.t t/spec/S04-statements/try.t t/spec/S04-statements/unless.t t/spec/S04-statements/until.t t/spec/S04-statements/while.t t/spec/S05-capture/caps.t t/spec/S05-capture/dot.t t/spec/S05-capture/match-object.t t/spec/S05-capture/named.t t/spec/S05-capture/subrule.t t/spec/S05-grammar/action-stubs.t t/spec/S05-grammar/inheritance.t t/spec/S05-grammar/methods.t t/spec/S05-grammar/namespace.t t/spec/S05-grammar/parse_and_parsefile.t t/spec/S05-grammar/polymorphism.t t/spec/S05-grammar/protoregex.t t/spec/S05-grammar/protos.t t/spec/S05-grammar/signatures.t t/spec/S05-grammar/ws.t t/spec/S05-interpolation/lexicals.t t/spec/S05-interpolation/regex-in-variable.t t/spec/S05-mass/charsets.t t/spec/S05-mass/named-chars.t t/spec/S05-mass/properties-block.t t/spec/S05-mass/properties-derived.t t/spec/S05-mass/properties-general.t t/spec/S05-mass/properties-script.t t/spec/S05-mass/recursive.t t/spec/S05-mass/rx.t t/spec/S05-mass/stdrules.t t/spec/S05-match/arrayhash.t t/spec/S05-match/blocks.t t/spec/S05-match/capturing-contexts.t t/spec/S05-match/make.t t/spec/S05-match/non-capturing.t t/spec/S05-match/positions.t t/spec/S05-metachars/closure.t t/spec/S05-metachars/line-anchors.t t/spec/S05-metachars/newline.t t/spec/S05-metachars/tilde.t t/spec/S05-metasyntax/angle-brackets.t t/spec/S05-metasyntax/assertions.t t/spec/S05-metasyntax/changed.t t/spec/S05-metasyntax/charset.t t/spec/S05-metasyntax/delimiters.t t/spec/S05-metasyntax/interpolating-closure.t t/spec/S05-metasyntax/litvar.t t/spec/S05-metasyntax/longest-alternative.t t/spec/S05-metasyntax/lookaround.t t/spec/S05-metasyntax/null.t t/spec/S05-metasyntax/proto-token-ltm.t t/spec/S05-metasyntax/regex.t t/spec/S05-metasyntax/repeat.t t/spec/S05-metasyntax/sequential-alternation.t t/spec/S05-metasyntax/single-quotes.t t/spec/S05-metasyntax/unknown.t t/spec/S05-modifier/continue.t t/spec/S05-modifier/counted-match.t t/spec/S05-modifier/counted.t t/spec/S05-modifier/global.t t/spec/S05-modifier/ignorecase.t t/spec/S05-modifier/ii.t t/spec/S05-modifier/my.t t/spec/S05-modifier/overlapping.t t/spec/S05-modifier/perl5_0.t t/spec/S05-modifier/perl5_1.t t/spec/S05-modifier/perl5_2.t t/spec/S05-modifier/perl5_3.t t/spec/S05-modifier/perl5_4.t t/spec/S05-modifier/perl5_5.t t/spec/S05-modifier/perl5_6.t t/spec/S05-modifier/perl5_7.t t/spec/S05-modifier/perl5_8.t t/spec/S05-modifier/perl5_9.t t/spec/S05-modifier/pos.t t/spec/S05-modifier/repetition.t t/spec/S05-modifier/sigspace.t t/spec/S05-substitution/67222.t t/spec/S05-substitution/match.t t/spec/S05-substitution/subst.t t/spec/S05-transliteration/79778.t t/spec/S05-transliteration/trans.t t/spec/S05-transliteration/with-closure.t t/spec/S06-advanced/callframe.t t/spec/S06-advanced/callsame.t t/spec/S06-advanced/lexical-subs.t t/spec/S06-advanced/recurse.t t/spec/S06-advanced/return.t t/spec/S06-advanced/wrap.t t/spec/S06-currying/assuming-and-mmd.t t/spec/S06-currying/named.t t/spec/S06-macros/errors.t t/spec/S06-macros/quasi-blocks.t t/spec/S06-macros/unquoting.t t/spec/S06-macros/opaque-ast.t t/spec/S06-multi/lexical-multis.t t/spec/S06-multi/positional-vs-named.t t/spec/S06-multi/proto.t t/spec/S06-multi/redispatch.t t/spec/S06-multi/syntax.t t/spec/S06-multi/type-based.t t/spec/S06-multi/unpackability.t t/spec/S06-multi/value-based.t t/spec/S06-operator-overloading/imported-subs.t t/spec/S06-operator-overloading/methods.t t/spec/S06-operator-overloading/semicolon.t t/spec/S06-operator-overloading/sub.t t/spec/S06-operator-overloading/term.t t/spec/S06-operator-overloading/workout.t t/spec/S06-other/anon-hashes-vs-blocks.t t/spec/S06-other/introspection.t t/spec/S06-other/main-eval.t t/spec/S06-other/main.t t/spec/S06-other/main-usage.t t/spec/S06-other/main-semicolon.t t/spec/S06-other/misc.t t/spec/S06-other/pairs-as-lvalues.t t/spec/S06-routine-modifiers/lvalue-subroutines.t t/spec/S06-routine-modifiers/native-lvalue-subroutines.t t/spec/S06-routine-modifiers/proxy.t t/spec/S06-routine-modifiers/scoped-named-subs.t t/spec/S06-signature/arity.t t/spec/S06-signature/caller-param.t t/spec/S06-signature/closure-over-parameters.t t/spec/S06-signature/closure-parameters.t t/spec/S06-signature/code.t t/spec/S06-signature/defaults.t t/spec/S06-signature/errors.t t/spec/S06-signature/introspection.t t/spec/S06-signature/mixed-placeholders.t t/spec/S06-signature/multidimensional.t t/spec/S06-signature/named-parameters.t t/spec/S06-signature/named-placeholders.t t/spec/S06-signature/named-renaming.t t/spec/S06-signature/optional.t t/spec/S06-signature/outside-subroutine.t t/spec/S06-signature/passing-arrays.t t/spec/S06-signature/passing-hashes.t t/spec/S06-signature/positional-placeholders.t t/spec/S06-signature/positional.t t/spec/S06-signature/scalar-type.t t/spec/S06-signature/sigilless.t t/spec/S06-signature/slurpy-and-interpolation.t t/spec/S06-signature/slurpy-params.t t/spec/S06-signature/slurpy-placeholders.t t/spec/S06-signature/sub-ref.t t/spec/S06-signature/tree-node-parameters.t t/spec/S06-signature/type-capture.t t/spec/S06-signature/types.t t/spec/S06-signature/unpack-array.t t/spec/S06-signature/unpack-object.t t/spec/S06-signature/unspecified.t t/spec/S06-traits/as.t t/spec/S06-traits/is-assoc.t t/spec/S06-traits/is-copy.t t/spec/S06-traits/is-readonly.t t/spec/S06-traits/is-rw.t t/spec/S06-traits/misc.t t/spec/S06-traits/native-is-copy.t t/spec/S06-traits/native-is-rw.t t/spec/S06-traits/precedence.t t/spec/S06-traits/slurpy-is-rw.t t/spec/S09-autovivification/autoincrement.t t/spec/S09-autovivification/autovivification.t t/spec/S09-hashes/objecthash.t t/spec/S09-subscript/slice.t t/spec/S09-subscript/multidim-assignment.t t/spec/S09-typed-arrays/arrays.t t/spec/S09-typed-arrays/hashes.t t/spec/S09-typed-arrays/native.t t/spec/S09-typed-arrays/native-decl.t t/spec/S09-typed-arrays/native-int.t t/spec/S09-typed-arrays/native-num.t t/spec/S10-packages/basic.t t/spec/S10-packages/joined-namespaces.t t/spec/S10-packages/precompilation.t t/spec/S10-packages/use-with-class.t t/spec/S11-modules/export.t t/spec/S11-modules/importing.t t/spec/S11-modules/import-multi.t t/spec/S11-modules/import-tag.t t/spec/S11-modules/import.t t/spec/S11-modules/lexical.t t/spec/S11-modules/need.t t/spec/S11-modules/nested.t t/spec/S11-modules/require.t t/spec/S12-attributes/class.t t/spec/S12-attributes/clone.t t/spec/S12-attributes/defaults.t t/spec/S12-attributes/delegation.t t/spec/S12-attributes/inheritance.t t/spec/S12-attributes/instance.t t/spec/S12-attributes/mutators.t t/spec/S12-attributes/native.t t/spec/S12-attributes/recursive.t t/spec/S12-attributes/undeclared.t t/spec/S12-class/anonymous.t t/spec/S12-class/attributes.t t/spec/S12-class/augment-supersede.t t/spec/S12-class/basic.t t/spec/S12-class/declaration-order.t t/spec/S12-class/extending-arrays.t t/spec/S12-class/inheritance-class-methods.t t/spec/S12-class/inheritance.t t/spec/S12-class/instantiate.t t/spec/S12-class/interface-consistency.t t/spec/S12-class/lexical.t t/spec/S12-class/literal.t t/spec/S12-class/magical-vars.t t/spec/S12-class/mro.t t/spec/S12-class/namespaced.t t/spec/S12-class/open.t t/spec/S12-class/rw.t t/spec/S12-class/self-inheritance.t t/spec/S12-class/stubs.t t/spec/S12-class/type-object.t t/spec/S12-coercion/coercion-types.t t/spec/S12-construction/autopairs.t t/spec/S12-construction/BUILD.t t/spec/S12-construction/construction.t t/spec/S12-construction/named-params-in-BUILD.t t/spec/S12-construction/new.t t/spec/S12-enums/anonymous.t t/spec/S12-enums/as-role.t t/spec/S12-enums/basic.t t/spec/S12-enums/misc.t t/spec/S12-enums/non-int.t t/spec/S12-enums/pseudo-functional.t t/spec/S12-enums/thorough.t t/spec/S12-introspection/attributes.t t/spec/S12-introspection/can.t t/spec/S12-introspection/definite.t t/spec/S12-introspection/meta-class.t t/spec/S12-introspection/methods.t t/spec/S12-introspection/parents.t t/spec/S12-introspection/roles.t t/spec/S12-introspection/walk.t t/spec/S12-introspection/WHAT.t t/spec/S12-meta/exporthow.t t/spec/S12-meta/primitives.t t/spec/S12-methods/accessors.t t/spec/S12-methods/attribute-params.t t/spec/S12-methods/calling_sets.t t/spec/S12-methods/calling_syntax.t t/spec/S12-methods/chaining.t t/spec/S12-methods/class-and-instance.t t/spec/S12-methods/delegation.t t/spec/S12-methods/default-trait.t t/spec/S12-methods/defer-call.t t/spec/S12-methods/defer-next.t t/spec/S12-methods/fallback.t t/spec/S12-methods/how.t t/spec/S12-methods/indirect_notation.t t/spec/S12-methods/instance.t t/spec/S12-methods/lastcall.t t/spec/S12-methods/lvalue.t t/spec/S12-methods/method-vs-sub.t t/spec/S12-methods/multi.t t/spec/S12-methods/parallel-dispatch.t t/spec/S12-methods/private.t t/spec/S12-methods/qualified.t t/spec/S12-methods/submethods.t t/spec/S12-methods/syntax.t t/spec/S12-methods/topic.t t/spec/S12-methods/trusts.t t/spec/S12-methods/typed-attributes.t t/spec/S12-methods/what.t t/spec/S12-subset/multi-dispatch.t t/spec/S12-subset/subtypes.t t/spec/S13-overloading/metaoperators.t t/spec/S13-overloading/operators.t t/spec/S13-overloading/typecasting-long.t t/spec/S13-overloading/typecasting-mixed.t t/spec/S13-overloading/typecasting-short.t t/spec/S13-type-casting/methods.t t/spec/S14-roles/anonymous.t t/spec/S14-roles/attributes.t t/spec/S14-roles/basic.t t/spec/S14-roles/bool.t t/spec/S14-roles/composition.t t/spec/S14-roles/conflicts.t t/spec/S14-roles/crony.t t/spec/S14-roles/instantiation.t t/spec/S14-roles/lexical.t t/spec/S14-roles/mixin.t t/spec/S14-roles/namespaced.t t/spec/S14-roles/parameterized-basic.t t/spec/S14-roles/parameterized-mixin.t t/spec/S14-roles/parameterized-type.t t/spec/S14-roles/parameter-subtyping.t t/spec/S14-roles/stubs.t t/spec/S14-roles/submethods.t t/spec/S14-traits/attributes.t t/spec/S14-traits/routines.t t/spec/S15-string-types/Str.t t/spec/S15-unicode-information/uniname.t t/spec/S15-unicode-information/unimatch-general.t t/spec/S15-unicode-information/unival.t t/spec/S16-filehandles/chmod.t t/spec/S16-filehandles/filestat.t t/spec/S16-filehandles/filetest.t t/spec/S16-filehandles/io_in_for_loops.t t/spec/S16-filehandles/io_in_while_loops.t t/spec/S16-filehandles/io.t t/spec/S16-filehandles/mkdir_rmdir.t t/spec/S16-filehandles/open.t t/spec/S16-filehandles/unlink.t t/spec/S16-io/bare-say.t t/spec/S16-io/basic-open.t t/spec/S16-io/cwd.t t/spec/S16-io/getc.t t/spec/S16-io/print.t t/spec/S16-io/say-and-ref.t t/spec/S16-io/say.t t/spec/S16-io/tmpdir.t t/spec/S16-unfiled/rebindstdhandles.t t/spec/S17-channel/basic.t t/spec/S17-channel/earliest.t t/spec/S17-lowlevel/lock.t t/spec/S17-lowlevel/thread.t t/spec/S17-procasync/basic.t t/spec/S17-procasync/print.t t/spec/S17-promise/allof.t t/spec/S17-promise/anyof.t t/spec/S17-promise/basic.t t/spec/S17-promise/in.t t/spec/S17-promise/start.t t/spec/S17-promise/then.t t/spec/S17-scheduler/at.t t/spec/S17-scheduler/basic.t t/spec/S17-scheduler/every.t t/spec/S17-scheduler/in.t t/spec/S17-scheduler/times.t t/spec/S17-supply/act.t t/spec/S17-supply/basic.t t/spec/S17-supply/batch.t t/spec/S17-supply/categorize.t t/spec/S17-supply/Channel.t t/spec/S17-supply/classify.t t/spec/S17-supply/delayed.t t/spec/S17-supply/do.t t/spec/S17-supply/elems.t t/spec/S17-supply/flat.t t/spec/S17-supply/from-list.t t/spec/S17-supply/grab.t t/spec/S17-supply/grep.t t/spec/S17-supply/interval.t t/spec/S17-supply/last.t t/spec/S17-supply/lines.t t/spec/S17-supply/list.t t/spec/S17-supply/map.t t/spec/S17-supply/max.t t/spec/S17-supply/merge.t t/spec/S17-supply/migrate.t t/spec/S17-supply/min.t t/spec/S17-supply/minmax.t t/spec/S17-supply/on.t t/spec/S17-supply/on-demand.t t/spec/S17-supply/Promise.t t/spec/S17-supply/reduce.t t/spec/S17-supply/reverse.t t/spec/S17-supply/rotor.t t/spec/S17-supply/schedule-on.t t/spec/S17-supply/sort.t t/spec/S17-supply/squish.t t/spec/S17-supply/stable.t t/spec/S17-supply/start.t t/spec/S17-supply/unique.t t/spec/S17-supply/wait.t t/spec/S17-supply/watch_path.t t/spec/S17-supply/words.t t/spec/S17-supply/zip.t t/spec/S17-supply/zip-latest.t t/spec/S19-command-line/arguments.t t/spec/S19-command-line/dash-e.t t/spec/S19-command-line/help.t t/spec/S19-command-line/repl.t t/spec/S19-command-line-options/02-dash-n.t t/spec/S19-command-line-options/03-dash-p.t t/spec/S22-package-format/local.t t/spec/S24-testing/0-compile.t t/spec/S24-testing/line-numbers.t t/spec/S26-documentation/01-delimited.t t/spec/S26-documentation/02-paragraph.t t/spec/S26-documentation/03-abbreviated.t t/spec/S26-documentation/04-code.t t/spec/S26-documentation/05-comment.t t/spec/S26-documentation/06-lists.t t/spec/S26-documentation/07-tables.t t/spec/S26-documentation/08-formattingcodes.t t/spec/S26-documentation/09-configuration.t t/spec/S26-documentation/10-doc-cli.t t/spec/S26-documentation/module-comment.t t/spec/S26-documentation/multiline-leading.t t/spec/S26-documentation/multiline-trailing.t t/spec/S26-documentation/wacky.t t/spec/S26-documentation/why-both.t t/spec/S26-documentation/why-trailing.t t/spec/S26-documentation/why-leading.t t/spec/S28-named-variables/cwd.t t/spec/S28-named-variables/inc.t t/spec/S29-any/cmp.t t/spec/S29-any/isa.t t/spec/S29-context/die.t t/spec/S29-context/eval.t t/spec/S29-context/exit-in-if.t t/spec/S29-context/exit.t t/spec/S29-context/sleep.t t/spec/S29-conversions/hash.t t/spec/S29-conversions/ord_and_chr.t t/spec/S29-os/system.t t/spec/S32-array/bool.t t/spec/S32-array/create.t t/spec/S32-array/delete.t t/spec/S32-array/delete-adverb.t t/spec/S32-array/delete-adverb-native.t t/spec/S32-array/elems.t t/spec/S32-array/end.t t/spec/S32-array/exists-adverb.t t/spec/S32-array/keys_values.t t/spec/S32-array/kv.t t/spec/S32-array/pairs.t t/spec/S32-array/perl.t t/spec/S32-array/pop.t t/spec/S32-array/push.t t/spec/S32-array/rotate.t t/spec/S32-array/shift.t t/spec/S32-array/splice.t t/spec/S32-array/unshift.t t/spec/S32-basics/warn.t t/spec/S32-basics/xxKEY.t t/spec/S32-basics/xxPOS.t t/spec/S32-basics/xxPOS-native.t t/spec/S32-container/roundrobin.t t/spec/S32-container/stringify.t t/spec/S32-container/zip.t t/spec/S32-exceptions/misc.t t/spec/S32-hash/delete.t t/spec/S32-hash/delete-adverb.t t/spec/S32-hash/exists.t t/spec/S32-hash/exists-adverb.t t/spec/S32-hash/invert.t t/spec/S32-hash/keys_values.t t/spec/S32-hash/kv.t t/spec/S32-hash/pairs.t t/spec/S32-hash/perl.t t/spec/S32-hash/push.t t/spec/S32-hash/slice.t t/spec/S32-io/chdir.t t/spec/S32-io/copy.t t/spec/S32-io/dir.t t/spec/S32-io/file-tests.t t/spec/S32-io/io-handle.t t/spec/S32-io/io-spec-unix.t t/spec/S32-io/io-spec-win.t t/spec/S32-io/io-spec-cygwin.t t/spec/S32-io/io-path-unix.t t/spec/S32-io/io-path-win.t t/spec/S32-io/io-path-cygwin.t t/spec/S32-io/io-path.t t/spec/S32-io/note.t t/spec/S32-io/other.t t/spec/S32-io/slurp.t t/spec/S32-io/spurt.t t/spec/S32-list/categorize.t t/spec/S32-list/classify.t t/spec/S32-list/create.t t/spec/S32-list/combinations.t t/spec/S32-list/end.t t/spec/S32-list/first.t t/spec/S32-list/first-index.t t/spec/S32-list/grep.t t/spec/S32-list/grep-index.t t/spec/S32-list/join.t t/spec/S32-list/last-index.t t/spec/S32-list/map_function_return_values.t t/spec/S32-list/map.t t/spec/S32-list/minmax.t t/spec/S32-list/permutations.t t/spec/S32-list/pick.t t/spec/S32-list/reduce.t t/spec/S32-list/reverse.t t/spec/S32-list/roll.t t/spec/S32-list/sort.t t/spec/S32-list/unique.t t/spec/S32-list/squish.t t/spec/S32-num/abs.t t/spec/S32-num/base.t t/spec/S32-num/complex.t t/spec/S32-num/cool-num.t t/spec/S32-num/exp.t t/spec/S32-num/expmod.t t/spec/S32-num/fatrat.t t/spec/S32-num/int.t t/spec/S32-num/is-prime.t t/spec/S32-num/log.t t/spec/S32-num/narrow.t t/spec/S32-num/pi.t t/spec/S32-num/polar.t t/spec/S32-num/power.t t/spec/S32-num/rand.t t/spec/S32-num/rat.t t/spec/S32-num/real-bridge.t t/spec/S32-num/roots.t t/spec/S32-num/rounders.t t/spec/S32-num/rshift_pos_amount.t t/spec/S32-num/sign.t t/spec/S32-num/sqrt.t t/spec/S32-num/stringify.t t/spec/S32-num/unpolar.t t/spec/S32-scalar/defined.t t/spec/S32-scalar/perl.t t/spec/S32-scalar/undef.t t/spec/S32-str/append.t t/spec/S32-str/bool.t t/spec/S32-str/capitalize.t t/spec/S32-str/chomp.t t/spec/S32-str/chop.t t/spec/S32-str/comb.t t/spec/S32-str/encode.t t/spec/S32-str/ends-with.t t/spec/S32-str/flip.t t/spec/S32-str/indent.t t/spec/S32-str/index.t t/spec/S32-str/lc.t t/spec/S32-str/lines.t t/spec/S32-str/numeric.t t/spec/S32-str/ords.t t/spec/S32-str/pack.t t/spec/S32-str/pos.t t/spec/S32-str/rindex.t t/spec/S32-str/samecase.t t/spec/S32-str/split-simple.t t/spec/S32-str/split.t t/spec/S32-str/sprintf.t t/spec/S32-str/starts-with.t t/spec/S32-str/substr.t t/spec/S32-str/substr-eq.t t/spec/S32-str/substr-rw.t t/spec/S32-str/tc.t t/spec/S32-str/tclc.t t/spec/S32-str/trim.t t/spec/S32-str/uc.t t/spec/S32-str/unpack.t t/spec/S32-str/words.t t/spec/S32-temporal/calendar.t t/spec/S32-temporal/Date.t t/spec/S32-temporal/DateTime-Instant-Duration.t t/spec/S32-temporal/DateTime.t t/spec/S32-temporal/local.t t/spec/S32-trig/atan2.t t/spec/S32-trig/cosech.t t/spec/S32-trig/cosec.t t/spec/S32-trig/cosh.t t/spec/S32-trig/cos.t t/spec/S32-trig/cotanh.t t/spec/S32-trig/cotan.t t/spec/S32-trig/e.t t/spec/S32-trig/pi.t t/spec/S32-trig/sech.t t/spec/S32-trig/sec.t t/spec/S32-trig/simple.t t/spec/S32-trig/sinh.t t/spec/S32-trig/sin.t t/spec/S32-trig/tanh.t t/spec/S32-trig/tan.t t/spec/integration/99problems-01-to-10.t t/spec/integration/99problems-11-to-20.t t/spec/integration/99problems-21-to-30.t t/spec/integration/99problems-31-to-40.t t/spec/integration/99problems-41-to-50.t t/spec/integration/99problems-51-to-60.t t/spec/integration/99problems-61-to-70.t t/spec/integration/advent2009-day01.t t/spec/integration/advent2009-day02.t t/spec/integration/advent2009-day03.t t/spec/integration/advent2009-day04.t t/spec/integration/advent2009-day05.t t/spec/integration/advent2009-day06.t t/spec/integration/advent2009-day07.t t/spec/integration/advent2009-day08.t t/spec/integration/advent2009-day09.t t/spec/integration/advent2009-day10.t t/spec/integration/advent2009-day11.t t/spec/integration/advent2009-day12.t t/spec/integration/advent2009-day13.t t/spec/integration/advent2009-day14.t t/spec/integration/advent2009-day15.t t/spec/integration/advent2009-day16.t t/spec/integration/advent2009-day17.t t/spec/integration/advent2009-day18.t t/spec/integration/advent2009-day19.t t/spec/integration/advent2009-day20.t t/spec/integration/advent2009-day21.t t/spec/integration/advent2009-day22.t t/spec/integration/advent2009-day23.t t/spec/integration/advent2009-day24.t t/spec/integration/advent2010-day03.t t/spec/integration/advent2010-day04.t t/spec/integration/advent2010-day06.t t/spec/integration/advent2010-day07.t t/spec/integration/advent2010-day08.t t/spec/integration/advent2010-day10.t t/spec/integration/advent2010-day11.t t/spec/integration/advent2010-day12.t t/spec/integration/advent2010-day14.t t/spec/integration/advent2010-day16.t t/spec/integration/advent2010-day19.t t/spec/integration/advent2010-day21.t t/spec/integration/advent2010-day22.t t/spec/integration/advent2010-day23.t t/spec/integration/advent2011-day03.t t/spec/integration/advent2011-day04.t t/spec/integration/advent2011-day05.t t/spec/integration/advent2011-day07.t t/spec/integration/advent2011-day10.t t/spec/integration/advent2011-day11.t t/spec/integration/advent2011-day14.t t/spec/integration/advent2011-day15.t t/spec/integration/advent2011-day16.t t/spec/integration/advent2011-day20.t t/spec/integration/advent2011-day22.t t/spec/integration/advent2011-day23.t t/spec/integration/advent2011-day24.t t/spec/integration/advent2012-day02.t t/spec/integration/advent2012-day03.t t/spec/integration/advent2012-day04.t t/spec/integration/advent2012-day06.t t/spec/integration/advent2012-day09.t t/spec/integration/advent2012-day10.t t/spec/integration/advent2012-day12.t t/spec/integration/advent2012-day13.t t/spec/integration/advent2012-day14.t t/spec/integration/advent2012-day15.t t/spec/integration/advent2012-day16.t t/spec/integration/advent2012-day19.t t/spec/integration/advent2012-day20.t t/spec/integration/advent2012-day21.t t/spec/integration/advent2012-day22.t t/spec/integration/advent2012-day23.t t/spec/integration/advent2012-day24.t t/spec/integration/advent2013-day02.t t/spec/integration/advent2013-day04.t t/spec/integration/advent2013-day06.t t/spec/integration/advent2013-day07.t t/spec/integration/advent2013-day08.t t/spec/integration/advent2013-day09.t t/spec/integration/advent2013-day10.t t/spec/integration/advent2013-day12.t t/spec/integration/advent2013-day14.t t/spec/integration/advent2013-day15.t t/spec/integration/advent2013-day18.t t/spec/integration/advent2013-day19.t t/spec/integration/advent2013-day20.t t/spec/integration/advent2013-day21.t t/spec/integration/advent2013-day22.t t/spec/integration/advent2013-day23.t t/spec/integration/advent2014-day05.t t/spec/integration/advent2014-day13.t t/spec/integration/advent2014-day16.t t/spec/integration/code-blocks-as-sub-args.t t/spec/integration/error-reporting.t t/spec/integration/lazy-bentley-generator.t t/spec/integration/lexical-array-in-inner-block.t t/spec/integration/lexicals-and-attributes.t t/spec/integration/man-or-boy.t t/spec/integration/method-calls-and-instantiation.t t/spec/integration/no-indirect-new.t t/spec/integration/packages.t t/spec/integration/pair-in-array.t t/spec/integration/passing-pair-class-to-sub.t t/spec/integration/precompiled.t t/spec/integration/real-strings.t t/spec/integration/role-composition-vs-attribute.t t/spec/integration/rule-in-class-Str.t t/spec/integration/say-crash.t t/spec/integration/substr-after-match-in-gather-in-for.t t/spec/integration/topic_in_double_loop.t t/spec/integration/variables-in-do.t t/spec/integration/weird-errors.t t/spec/rosettacode/greatest_element_of_a_list.t t/spec/rosettacode/sierpinski_triangle.t t/spec/S32-io/IO-Socket-INET.t
                                                   pass fail todo skip plan
S02-lexical-conventions/begin_end_pod.t............   1    0    0    0    1
S02-lexical-conventions/bom.t......................   1    0    0    0    1
S02-lexical-conventions/comments.t.................  51    0    0    0   51
S02-lexical-conventions/end-pod.t..................   1    0    0    0    1
S02-lexical-conventions/minimal-whitespace.t.......   9    0    0    0    9
S02-lexical-conventions/one-pass-parsing.t.........   5    0    0    0    5
S02-lexical-conventions/pod-in-multi-line-exprs.t..   3    0    0    0    3
S02-lexical-conventions/sub-block-parsing.t........  11    0    0    0   11
S02-lexical-conventions/unicode-whitespace.t.......  50    0    0    0   50
S02-lexical-conventions/unicode.rakudo.moar........  42    0    0    2   44
     2 skipped: VOWEL SIGNs in identifiers; RT #122340
S02-lexical-conventions/unspace.rakudo.moar........    
# Failed test 'code dies'
# at t/spec/S02-lexical-conventions/unspace.rakudo.moar line 79
    # Looks like you failed 1 tests of 2
  79    0    1    7   87
     4 skipped: =for pod NYI (in STD.pm): RT #122343
     3 skipped: pod and unspace: RT #122343
     1 todo   : NYI
S02-lists/indexing.t...............................   2    0    0    0    2
S02-lists/tree.t...................................  10    0    0    0   10
S02-literals/adverbs.rakudo.moar...................  27    0    5    0   32
     2 todo   : :@<...> and :%<...> broken needs RT
     3 todo   : Moar makes new slang object each time, other backend NYI?
S02-literals/array-interpolation.t.................  12    0    0    0   12
S02-literals/autoref.t.............................use of uninitialized value of type Any in string context  in block <unit> at t/spec/S02-literals/autoref.t:65

use of uninitialized value of type Any in string context  in block <unit> at t/spec/S02-literals/autoref.t:77

  59    0    0    0   59
S02-literals/char-by-name.rakudo.moar..............   9    0    0    1   10
     1 skipped: \c[LINE FEED] not valid: RT #117683
S02-literals/char-by-number.t......................  38    0    0    0   38
S02-literals/fmt-interpolation.t...................  11    0    0    0   11
S02-literals/hash-interpolation.t..................  10    0    0    0   10
S02-literals/heredocs.t............................  16    0    0    0   16
S02-literals/hex_chars.t...........................   4    0    0    0    4
S02-literals/listquote-whitespace.t................  12    0    0    0   12
S02-literals/listquote.rakudo.moar.................  19    0    4    1   24
     1 skipped: meta operators
     4 todo   : IntStr/RatStr/NumStr types NYI
S02-literals/misc-interpolation.t..................  50    0    0    0   50
S02-literals/numeric.t.............................  22    0    0    0   22
S02-literals/pair-boolean.t........................   6    0    0    0    6
S02-literals/pairs.t...............................  76    0    0    0   76
S02-literals/quoting-unicode.t.....................  75    0    0    0   75
S02-literals/quoting.rakudo.moar...................    
# Failed test 'code dies'
# at t/spec/S02-literals/quoting.rakudo.moar line 165
    # Looks like you failed 1 tests of 2
 163    0   11    0  174
     4 todo   : comments inside qq:ww NYI
     2 todo   : q:x assigned to array
     4 todo   : quoting adverbs
     1 todo   : retriage
S02-literals/radix.rakudo.moar..................... 131    0    6    1  138
     1 skipped: RT #123862 - negative radix
     1 todo   : Really?!
     4 todo   : Some question of what this form should actually do
     1 todo   : This needs an RT
S02-literals/string-interpolation.t................Potential difficulties:
    Leading 0 does not indicate octal in Perl 6; please use 0o1 if you mean that
    at t/spec/S02-literals/string-interpolation.t:10
    ------> [32m    is "{\01[33m⏏[31m;42}", "42", '{\\01 parses correctly (1)[0m
    Leading 0 does not indicate octal in Perl 6; please use 0o1 if you mean that
    at t/spec/S02-literals/string-interpolation.t:11
    ------> [32m    is "{;\01[33m⏏[31m;42}", "42", '{\\01 parses correctly (2)[0m
    Leading 0 does not indicate octal in Perl 6; please use 0o1 if you mean that
    at t/spec/S02-literals/string-interpolation.t:12
    ------> [32m    is "{;;;;;;\01[33m⏏[31m;42}", "42", '{\\01 parses correctly (3)[0m
  15    0    0    0   15
S02-literals/sub-calls.t...........................  20    0    0    0   20
S02-literals/subscript.t...........................   2    0    0    0    2
S02-literals/types.t...............................   7    0    0    0    7
S02-literals/underscores.t.........................  19    0    0    0   19
S02-literals/version.rakudo.moar...................  27    0    3    0   30
     3 todo   : trailing zeroes fail
S02-magicals/78258.t...............................   1    0    0    0    1
S02-magicals/DISTRO.rakudo.moar....................use of uninitialized value of type Blob in string context  in any  at src/gen/m-Metamodel.nqp:1634

  12    0    2   14   28
    14 skipped: unimpl $?DISTRO
     2 todo   : no Distro.signature yet
S02-magicals/KERNEL.rakudo.moar....................use of uninitialized value of type Blob in string context  in any  at src/gen/m-Metamodel.nqp:1634

use of uninitialized value of type Str in string context  in block <unit> at t/spec/S02-magicals/KERNEL.rakudo.moar:39

  20    0    3   16   39
    16 skipped: unimpl $?KERNEL
     1 todo   : no Kernel.desc yet
     2 todo   : no Kernel.signature yet
S02-magicals/PERL.rakudo.moar......................use of uninitialized value of type Blob in string context  in any  at src/gen/m-Metamodel.nqp:1634

use of uninitialized value of type Str in string context  in block <unit> at t/spec/S02-magicals/PERL.rakudo.moar:53

use of uninitialized value of type Blob in string context  in any  at src/gen/m-Metamodel.nqp:1634

use of uninitialized value of type Str in string context  in block <unit> at t/spec/S02-magicals/PERL.rakudo.moar:78

  17    0    8   25   50
    25 skipped: unimpl $?PERL
     1 todo   : no Perl.compiler.codename yet
     1 todo   : no Perl.compiler.desc yet
     1 todo   : no Perl.compiler.release yet
     2 todo   : no Perl.compiler.signature yet
     1 todo   : no Perl.desc yet
     2 todo   : no Perl.signature yet
S02-magicals/VM.rakudo.moar........................use of uninitialized value of type Blob in string context  in any  at src/gen/m-Metamodel.nqp:1634

  13    0    2   17   32
     2 skipped: VM.properties does not exist
    15 skipped: unimpl $?VM
     2 todo   : no VM.signature yet
S02-magicals/args.t................................   6    0    0    0    6
S02-magicals/dollar-underscore.rakudo.moar.........  10    0    0    1   11
     1 skipped: for() with nullary block
S02-magicals/dollar_bang.t.........................  15    0    0    0   15
S02-magicals/env.rakudo.moar.......................# %*ENV<PUGS_ROCKS>=
# %*ENV<PUGS_ROCKS>=
  16    0    0    1   17
     1 skipped: import fails, ENV not available: RT #122339
S02-magicals/file_line.t...........................   2    0    0    0    2
S02-magicals/pid.t.................................   2    0    0    0    2
S02-magicals/progname.t............................   4    0    0    0    4
S02-magicals/sub.t.................................Code object coerced to string (please use .gist or .perl to do that)  in sub is at lib/Test.pm:136

Code object coerced to string (please use .gist or .perl to do that)  in sub is at lib/Test.pm:136

Code object coerced to string (please use .gist or .perl to do that)  in sub is at lib/Test.pm:136

Code object coerced to string (please use .gist or .perl to do that)  in sub is at lib/Test.pm:136

Code object coerced to string (please use .gist or .perl to do that)  in sub is at lib/Test.pm:136

Code object coerced to string (please use .gist or .perl to do that)  in sub is at lib/Test.pm:136

   6    0    0    0    6
S02-names-vars/contextual.t........................  23    0    0    0   23
S02-names-vars/fmt.t...............................  21    0    0    0   21
S02-names-vars/list_array_perl.rakudo.moar.........  19    0    1    2   22
     2 skipped: recursive data structure
     1 todo   : List.perl bug
S02-names-vars/names.rakudo.moar................... 131    0    0   13  144
     4 skipped: ::{ } package lookup NYI
     7 skipped: package variable autovivification
     2 skipped: this kind of lookup NYI
S02-names-vars/perl.rakudo.moar....................use of uninitialized value of type Mu in string context  in block  at t/spec/S02-names-vars/perl.rakudo.moar:57

use of uninitialized value of type Mu in string context  in block  at t/spec/S02-names-vars/perl.rakudo.moar:58

use of uninitialized value of type Mu in string context  in block  at t/spec/S02-names-vars/perl.rakudo.moar:58

  96    0    0    3   99
     1 skipped: RT #67790
     2 skipped: recursive data structure RT #122286
S02-names-vars/signature.rakudo.moar...............  11    0    2    0   13
     2 todo   : eqv on signatures
S02-names-vars/variables-and-packages.rakudo.moar..  35    0    3    0   38
     3 todo   : nom regression: RT #122346
S02-names-vars/varnames.rakudo.moar................  11    0    2    0   13
     2 todo   : cannot easily override [] at the moment
S02-names/bare-sigil.t.............................  10    0    0    0   10
S02-names/caller.t.................................  15    0    0    0   15
S02-names/identifier.t.............................  22    0    0    0   22
S02-names/indirect.t...............................   6    0    0    0    6
S02-names/is_cached.t..............................  38    0    0    0   38
S02-names/is_default.t............................. 114    0    0    0  114
S02-names/is_dynamic.t.............................  22    0    0    0   22
S02-names/name.t...................................  15    0    0    0   15
S02-names/our.rakudo.moar..........................   9    0    0    1   10
     1 skipped: OUR::subname() does not work
S02-names/pseudo.rakudo.moar.......................  46    0    8   88  142
    19 skipped: CORE NYI
     6 skipped: SETTING NYI
     4 skipped: the binding in here is NYI
    23 skipped: various issues to resolve
    36 skipped: various issues, skipping all for now
     1 todo   : GLOBAL and interpolation
     2 todo   : binding and interpolation together NYI
     1 todo   : interpolation and auto-viv NYI
     2 todo   : not entirely sure these make sense...
     2 todo   : these tests disagree with STD
S02-names/strict.rakudo.moar.......................   5    0    0    1    6
     1 skipped: lax mode does not propagate into EVAL yet
S02-names/symbolic-deref.rakudo.moar...............  30    0    2    3   35
     2 skipped: NYI
     1 skipped: no such symbol
     1 todo   : NYI
     1 todo   : no such symbol
S02-one-pass-parsing/less-than.t...................   9    0    0    0    9
S02-packages/package-lookup.t......................   7    0    0    0    7
S02-types/WHICH.t.................................. 650    0    0    0  650
S02-types/anon_block.rakudo.moar...................Code object coerced to string (please use .gist or .perl to do that)  in sub isnt at lib/Test.pm:180

  39    0    1    2   42
     2 skipped: tests don't work if previous test fails
     1 todo   : Parrot support for zero-arg subs?
S02-types/array-shapes.rakudo.moar.................   6    0    0   19   25
    15 skipped: array shapes NYI
     4 skipped: native arrays NYI
S02-types/array.rakudo.moar........................    
# Failed test 'right exception type (X::Subscript::Negative)'
# at /home/coke/sandbox/perl6-roast-data/rakudo.moar/lib/Test.pm.moarvm line 1
    # Expected: (X::Subscript::Negative)
    # Got:      (X::AdHoc)
    # Exception message: MVMArray: Index out of bounds
    # Looks like you failed 1 tests of 2
use of uninitialized value @bar of type Str in string context  in block  at t/spec/S02-types/array.rakudo.moar:368

  92    0    1    4   97
     2 skipped: multi-dim arrays NYI
     2 skipped: regression to AdHoc exception
     1 todo   : bind_pos NYI
S02-types/array_extending.t........................use of uninitialized value of type Any in string context  in block <unit> at t/spec/S02-types/array_extending.t:100

use of uninitialized value of type Any in string context  in block <unit> at t/spec/S02-types/array_extending.t:100

use of uninitialized value of type Any in string context  in block  at t/spec/S02-types/array_extending.t:102

use of uninitialized value of type Any in string context  in block  at t/spec/S02-types/array_extending.t:102

  21    0    0    0   21
S02-types/array_ref.t..............................  45    0    0    0   45
S02-types/assigning-refs.rakudo.moar...............Saw 1 call to deprecated code during execution.
================================================================================
%hash = itemized hash called at:
  t/spec/S02-types/assigning-refs.rakudo.moar, lines 37,47,57
Deprecated since v2014.7, will be removed with release v2015.7!
Please use %hash = %(itemized hash) instead.
--------------------------------------------------------------------------------
Please contact the author to have these calls to deprecated code adapted,
so that this message will disappear!

Please note that *ALL* deprecated features will be removed at the release
of Perl 6.0.0 (expected sometime in 2015).
  15    0    3    0   18
     3 todo   : deprecated %h = {...} for now
S02-types/autovivification.t.......................